2026-01-13 07:00:37,876 [INFO] [DRIVER] Detected Browser=143.0.3650.139, Driver=143.0.3650.80
2026-01-13 07:00:37,877 [INFO] [DRIVER] Launching Edge - Browser 143.0.3650.139, Driver 143.0.3650.80
2026-01-13 07:00:41,695 [INFO] [LOGIN_FLOW] Starting login handler.
2026-01-13 07:00:41,716 [INFO] [NAV] Navigating to Login page - https://avisbudget.palantirfoundry.com/multipass/login
2026-01-13 07:00:42,827 [WARNING] [NAV] Expected https://avisbudget.palantirfoundry.com/multipass/login, got https://avisbudget.palantirfoundry.com/multipass/automatic-login?realm=e6e04a33-f159-4321-ba01-d0c5cb20214b&collector_type=saml
2026-01-13 07:00:42,841 [INFO] [LOGIN] Automatic login page detected. Assuming login will succeed.
2026-01-13 07:00:53,089 [INFO] [LOGIN_FLOW] Microsoft SSO page not detected. Proceeding with standard login flow.
2026-01-13 07:00:53,137 [INFO] [LOGIN] Clicking Compass Mobile button
2026-01-13 07:00:53,355 [INFO] [LOGIN] Switched to Compass Mobile tab
2026-01-13 07:00:56,884 [INFO] [LOGIN] WWID input field detected
2026-01-13 07:00:56,911 [INFO] [LOGIN] Proceeding to WWID entry
2026-01-13 07:00:58,714 [INFO] [LOGIN] WWID submitted via button
2026-01-13 07:00:58,748 [INFO] [CSV] Loading work item: 53674854 (DamageType: REPLACEMENT, Location: WINDSHIELD)
2026-01-13 07:00:58,754 [INFO] [CSV] Loading work item: 55859495 (DamageType: REPLACEMENT, Location: REAR)
2026-01-13 07:00:58,755 [INFO] 
********************************
MVA 53674854
********************************
2026-01-13 07:00:58,756 [INFO] [MVA] Reviewing 53674854 (Type: REPLACEMENT, Location: WINDSHIELD)
2026-01-13 07:00:59,922 [INFO] [MVA_INPUT] Field cleared before entering new MVA.
2026-01-13 07:00:59,989 [INFO] [MVA_INPUT] Entered MVA: 53674854
2026-01-13 07:00:59,990 [INFO] [MVA_VALIDATION] Waiting for vehicle properties to load for 53674854...
2026-01-13 07:01:15,375 [WARNING] [MVA_VALIDATION] Vehicle properties not found for 53674854 - MVA may be invalid or non-existent
2026-01-13 07:01:17,377 [INFO] 
********************************
MVA 55859495
********************************
2026-01-13 07:01:17,378 [INFO] [MVA] Reviewing 55859495 (Type: REPLACEMENT, Location: REAR)
2026-01-13 07:01:18,354 [INFO] [MVA_INPUT] Field cleared before entering new MVA.
2026-01-13 07:01:18,429 [INFO] [MVA_INPUT] Entered MVA: 55859495
2026-01-13 07:01:18,447 [INFO] [MVA_VALIDATION] Waiting for vehicle properties to load for 55859495...
2026-01-13 07:01:22,045 [INFO] [MVA_VALIDATION] Vehicle properties loaded successfully for 55859495
2026-01-13 07:01:24,046 [INFO] [WORKITEM] 55859495 - pausing to let Work Items render...
2026-01-13 07:01:33,073 [INFO] [WORKITEMS] 55859495 - collected 1 open work item(s)
2026-01-13 07:01:33,116 [INFO] [DEBUG] Work item text: 'Open
NO WORK NEEDED OR PERFORMED
Complaints: Glass Damage - Windshield Chip
Created At: 1/12/2026, 12:07:44 PM
Estimated Labor Time: 0.1'
2026-01-13 07:01:33,131 [INFO] [DEBUG] Text length: 136
2026-01-13 07:01:33,144 [INFO] [DEBUG] Text repr: 'Open\nNO WORK NEEDED OR PERFORMED\nComplaints: Glass Damage - Windshield Chip\nCreated At: 1/12/2026, 12:07:44 PM\nEstimated Labor Time: 0.1'
2026-01-13 07:01:33,164 [INFO] [DEBUG] Lowercased: 'open
no work needed or performed
complaints: glass damage - windshield chip
created at: 1/12/2026, 12:07:44 pm
estimated labor time: 0.1'
2026-01-13 07:01:33,181 [INFO] [DEBUG] Contains 'glass': True
2026-01-13 07:01:33,199 [INFO] [GLASS] Glass damage work item already exists for 55859495
2026-01-13 07:04:42,434 [INFO] [DRIVER] Detected Browser=143.0.3650.139, Driver=143.0.3650.80
2026-01-13 07:04:42,435 [INFO] [DRIVER] Launching Edge - Browser 143.0.3650.139, Driver 143.0.3650.80
2026-01-13 07:04:45,175 [INFO] [LOGIN_FLOW] Starting login handler.
2026-01-13 07:04:45,179 [INFO] [NAV] Navigating to Login page - https://avisbudget.palantirfoundry.com/multipass/login
2026-01-13 07:04:46,865 [WARNING] [NAV] Expected https://avisbudget.palantirfoundry.com/multipass/login, got https://avisbudget.palantirfoundry.com/multipass/automatic-login?realm=e6e04a33-f159-4321-ba01-d0c5cb20214b&collector_type=saml
2026-01-13 07:04:46,876 [INFO] [LOGIN] Automatic login page detected. Assuming login will succeed.
2026-01-13 07:04:57,028 [INFO] [LOGIN_FLOW] Microsoft SSO page not detected. Proceeding with standard login flow.
2026-01-13 07:05:07,305 [WARNING] Timeout waiting for compass_mobile_button
2026-01-13 07:05:07,306 [WARNING] [LOGIN][WARN] Compass Mobile button not found
2026-01-13 07:05:07,306 [ERROR] [LOGIN] Failed to initialize session → {'status': 'failed', 'reason': 'compass_mobile_button_missing'}
2026-01-13 07:05:58,479 [INFO] [DRIVER] Detected Browser=143.0.3650.139, Driver=143.0.3650.80
2026-01-13 07:05:58,481 [INFO] [DRIVER] Launching Edge - Browser 143.0.3650.139, Driver 143.0.3650.80
2026-01-13 07:06:02,311 [INFO] [LOGIN_FLOW] Starting login handler.
2026-01-13 07:06:02,317 [INFO] [NAV] Navigating to Login page - https://avisbudget.palantirfoundry.com/multipass/login
2026-01-13 07:06:03,151 [WARNING] [NAV] Expected https://avisbudget.palantirfoundry.com/multipass/login, got https://avisbudget.palantirfoundry.com/multipass/automatic-login?realm=e6e04a33-f159-4321-ba01-d0c5cb20214b&collector_type=saml
2026-01-13 07:06:03,167 [INFO] [LOGIN] Automatic login page detected. Assuming login will succeed.
2026-01-13 07:06:13,200 [INFO] [LOGIN_FLOW] Microsoft SSO page not detected. Proceeding with standard login flow.
2026-01-13 07:06:13,250 [INFO] [LOGIN] Clicking Compass Mobile button
2026-01-13 07:06:13,508 [INFO] [LOGIN] Switched to Compass Mobile tab
2026-01-13 07:06:16,761 [INFO] [LOGIN] WWID input field detected
2026-01-13 07:06:16,762 [INFO] [LOGIN] Proceeding to WWID entry
2026-01-13 07:06:17,026 [INFO] [LOGIN] WWID submitted via button
2026-01-13 07:06:17,034 [INFO] [CSV] Loading work item: 53674854 (DamageType: REPLACEMENT, Location: WINDSHIELD)
2026-01-13 07:06:17,035 [INFO] [CSV] Loading work item: 55859495 (DamageType: REPLACEMENT, Location: REAR)
2026-01-13 07:06:54,485 [INFO] 
********************************
MVA 53674854
********************************
2026-01-13 07:06:55,142 [INFO] [MVA] Reviewing 53674854 (Type: REPLACEMENT, Location: WINDSHIELD)
2026-01-13 07:07:31,982 [INFO] [MVA_INPUT] Field cleared before entering new MVA.
2026-01-13 07:07:38,653 [INFO] [MVA_INPUT] Entered MVA: 53674854
2026-01-13 07:07:54,213 [INFO] [MVA_VALIDATION] Waiting for vehicle properties to load for 53674854...
2026-01-13 07:08:13,918 [INFO] [MVA_VALIDATION] Vehicle properties loaded successfully for 53674854
2026-01-13 07:08:37,567 [INFO] [WORKITEM] 53674854 - pausing to let Work Items render...
2026-01-13 07:08:46,602 [INFO] [WORKITEMS] 53674854 - collected 1 open work item(s)
2026-01-13 07:09:47,815 [INFO] [DEBUG] Work item text: 'Open
Unknown
Complaints: Glass Damage - Windshield Crack
Created At: 1/9/2026, 7:26:43 AM
Estimated Labor Time: 0'
2026-01-13 07:09:48,344 [INFO] [DEBUG] Text length: 113
2026-01-13 07:10:17,879 [INFO] [DEBUG] Text repr: 'Open\nUnknown\nComplaints: Glass Damage - Windshield Crack\nCreated At: 1/9/2026, 7:26:43 AM\nEstimated Labor Time: 0'
2026-01-13 07:10:19,905 [INFO] [DEBUG] Lowercased: 'open
unknown
complaints: glass damage - windshield crack
created at: 1/9/2026, 7:26:43 am
estimated labor time: 0'
2026-01-13 07:10:41,663 [INFO] [DEBUG] Contains 'glass': True
2026-01-13 07:11:03,591 [INFO] [GLASS] Glass damage work item already exists for 53674854
2026-01-13 07:11:25,992 [INFO] 
********************************
MVA 55859495
********************************
2026-01-13 07:11:26,416 [INFO] [MVA] Reviewing 55859495 (Type: REPLACEMENT, Location: REAR)
2026-01-13 07:12:17,771 [INFO] [MVA_INPUT] Field cleared before entering new MVA.
2026-01-13 07:12:25,232 [INFO] [MVA_INPUT] Entered MVA: 55859495
2026-01-13 07:12:30,545 [INFO] [MVA_VALIDATION] Waiting for vehicle properties to load for 55859495...
2026-01-13 07:12:35,209 [INFO] [MVA_VALIDATION] Vehicle properties loaded successfully for 55859495
2026-01-13 07:13:37,700 [INFO] [WORKITEM] 55859495 - pausing to let Work Items render...
2026-01-13 07:13:46,728 [INFO] [WORKITEMS] 55859495 - collected 1 open work item(s)
2026-01-13 07:13:46,759 [INFO] [DEBUG] Work item text: 'Open
NO WORK NEEDED OR PERFORMED
Complaints: Glass Damage - Windshield Chip
Created At: 1/12/2026, 12:07:44 PM
Estimated Labor Time: 0.1'
2026-01-13 07:13:46,775 [INFO] [DEBUG] Text length: 136
2026-01-13 07:13:46,793 [INFO] [DEBUG] Text repr: 'Open\nNO WORK NEEDED OR PERFORMED\nComplaints: Glass Damage - Windshield Chip\nCreated At: 1/12/2026, 12:07:44 PM\nEstimated Labor Time: 0.1'
2026-01-13 07:13:46,808 [INFO] [DEBUG] Lowercased: 'open
no work needed or performed
complaints: glass damage - windshield chip
created at: 1/12/2026, 12:07:44 pm
estimated labor time: 0.1'
2026-01-13 07:13:46,825 [INFO] [DEBUG] Contains 'glass': True
2026-01-13 07:13:46,844 [INFO] [GLASS] Glass damage work item already exists for 55859495
2026-01-13 07:17:59,949 [INFO] [DRIVER] Detected Browser=143.0.3650.139, Driver=143.0.3650.80
2026-01-13 07:17:59,971 [INFO] [DRIVER] Launching Edge - Browser 143.0.3650.139, Driver 143.0.3650.80
2026-01-13 07:18:08,244 [INFO] [LOGIN_FLOW] Starting login handler.
2026-01-13 07:18:08,319 [INFO] [NAV] Navigating to Login page - https://avisbudget.palantirfoundry.com/multipass/login
2026-01-13 07:18:30,050 [WARNING] [NAV] Expected https://avisbudget.palantirfoundry.com/multipass/login, got https://avisbudget.palantirfoundry.com/workspace/module/view/latest/ri.workshop.main.module.d62ba12c-018c-41c1-8214-0749f6591b30
2026-01-13 07:18:30,059 [INFO] [LOGIN] Already on workspace page after redirection. Considering logged in.
2026-01-13 07:18:40,456 [INFO] [LOGIN_FLOW] Microsoft SSO page not detected. Proceeding with standard login flow.
2026-01-13 07:18:40,508 [INFO] [LOGIN] Clicking Compass Mobile button
2026-01-13 07:18:41,392 [INFO] [LOGIN] Switched to Compass Mobile tab
2026-01-13 07:18:45,179 [INFO] [LOGIN] WWID input field detected
2026-01-13 07:18:45,223 [INFO] [LOGIN] Proceeding to WWID entry
2026-01-13 07:18:51,763 [INFO] [LOGIN] WWID submitted via button
2026-01-13 07:18:51,769 [INFO] [CSV] Loading work item: 53674854 (DamageType: REPLACEMENT, Location: WINDSHIELD)
2026-01-13 07:18:51,770 [INFO] [CSV] Loading work item: 55859495 (DamageType: REPLACEMENT, Location: REAR)
2026-01-13 07:18:51,771 [INFO] 
********************************
MVA 53674854
********************************
2026-01-13 07:18:51,773 [INFO] [MVA] Reviewing 53674854 (Type: REPLACEMENT, Location: WINDSHIELD)
2026-01-13 07:18:52,916 [INFO] [MVA_INPUT] Field cleared before entering new MVA.
2026-01-13 07:18:52,971 [INFO] [MVA_INPUT] Entered MVA: 53674854
2026-01-13 07:18:52,972 [INFO] [MVA_VALIDATION] Waiting for vehicle properties to load for 53674854...
2026-01-13 07:19:08,204 [WARNING] [MVA_VALIDATION] Vehicle properties not found for 53674854 - MVA may be invalid or non-existent
2026-01-13 07:19:10,205 [INFO] 
********************************
MVA 55859495
********************************
2026-01-13 07:19:10,206 [INFO] [MVA] Reviewing 55859495 (Type: REPLACEMENT, Location: REAR)
2026-01-13 07:19:11,165 [INFO] [MVA_INPUT] Field cleared before entering new MVA.
2026-01-13 07:19:11,215 [INFO] [MVA_INPUT] Entered MVA: 55859495
2026-01-13 07:19:11,216 [INFO] [MVA_VALIDATION] Waiting for vehicle properties to load for 55859495...
2026-01-13 07:19:14,818 [INFO] [MVA_VALIDATION] Vehicle properties loaded successfully for 55859495
2026-01-13 07:19:16,819 [INFO] [WORKITEM] 55859495 - pausing to let Work Items render...
2026-01-13 07:19:25,853 [INFO] [WORKITEMS] 55859495 - collected 1 open work item(s)
2026-01-13 07:19:25,887 [INFO] [DEBUG] Work item text: 'Open
NO WORK NEEDED OR PERFORMED
Complaints: Glass Damage - Windshield Chip
Created At: 1/12/2026, 12:07:44 PM
Estimated Labor Time: 0.1'
2026-01-13 07:19:25,902 [INFO] [DEBUG] Text length: 136
2026-01-13 07:19:25,920 [INFO] [DEBUG] Text repr: 'Open\nNO WORK NEEDED OR PERFORMED\nComplaints: Glass Damage - Windshield Chip\nCreated At: 1/12/2026, 12:07:44 PM\nEstimated Labor Time: 0.1'
2026-01-13 07:19:25,934 [INFO] [DEBUG] Lowercased: 'open
no work needed or performed
complaints: glass damage - windshield chip
created at: 1/12/2026, 12:07:44 pm
estimated labor time: 0.1'
2026-01-13 07:19:25,950 [INFO] [DEBUG] Contains 'glass': True
2026-01-13 07:19:25,963 [INFO] [GLASS] Glass damage work item already exists for 55859495
2026-01-13 07:19:27,964 [INFO] [DRIVER] Quitting Edge WebDriver...
2026-01-13 07:19:30,808 [INFO] [SESSION] Browser closed.
