2026-01-09 12:19:52,744 [INFO] [DRIVER] Detected Browser=143.0.3650.96, Driver=143.0.3650.80
2026-01-09 12:19:52,763 [INFO] [DRIVER] Launching Edge - Browser 143.0.3650.96, Driver 143.0.3650.80
2026-01-09 12:19:58,830 [INFO] [LOGIN_FLOW] Starting login handler.
2026-01-09 12:19:58,840 [INFO] [NAV] Navigating to Login page - https://avisbudget.palantirfoundry.com/multipass/login
2026-01-09 12:20:04,259 [WARNING] [NAV] Expected https://avisbudget.palantirfoundry.com/multipass/login, got https://avisbudget.palantirfoundry.com/multipass/automatic-login?realm=e6e04a33-f159-4321-ba01-d0c5cb20214b&collector_type=saml
2026-01-09 12:20:04,288 [INFO] [LOGIN] Automatic login page detected. Assuming login will succeed.
2026-01-09 12:20:14,734 [INFO] [LOGIN_FLOW] Microsoft SSO page not detected. Proceeding with standard login flow.
2026-01-09 12:20:15,592 [INFO] [LOGIN] Clicking Compass Mobile button
2026-01-09 12:20:16,668 [INFO] [LOGIN] Switched to Compass Mobile tab
2026-01-09 12:20:20,207 [INFO] [LOGIN] WWID input field detected
2026-01-09 12:20:20,213 [INFO] [LOGIN] Proceeding to WWID entry
2026-01-09 12:20:20,699 [INFO] [LOGIN] WWID submitted via button
2026-01-09 12:20:20,702 [INFO] 
********************************
MVA 59323316
********************************
2026-01-09 12:20:20,705 [INFO] [MVA] Reviewing 59323316
2026-01-09 12:20:22,241 [INFO] [MVA_INPUT] Field cleared before entering new MVA.
2026-01-09 12:20:22,370 [INFO] [MVA_INPUT] Entered MVA: 59323316
2026-01-09 12:20:24,372 [INFO] [WORKITEM] 59323316 - pausing to let Work Items render...
2026-01-09 12:20:33,401 [INFO] [WORKITEMS] 59323316 - No work items yet...
2026-01-09 12:20:33,402 [INFO] [GLASS] No active glass damage work item found for 59323316, creating new work item...
2026-01-09 12:20:33,404 [INFO] [WORKITEM] 59323316 - starting CREATE NEW WORK ITEM workflow
2026-01-09 12:21:08,446 [WARNING] Timeout waiting to click Add Work Item button
2026-01-09 12:21:08,448 [WARNING] [WORKITEM][WARN] 59323316 - add_btn not found
2026-01-09 12:21:08,449 [ERROR] [GLASS][ERROR] Failed to create glass work item for 59323316: {'status': 'failed', 'reason': 'add_btn', 'mva': '59323316'}
2026-01-12 06:49:35,299 [INFO] [DRIVER] Detected Browser=143.0.3650.139, Driver=143.0.3650.80
2026-01-12 06:49:35,300 [INFO] [DRIVER] Launching Edge - Browser 143.0.3650.139, Driver 143.0.3650.80
2026-01-12 06:49:39,210 [INFO] [LOGIN_FLOW] Starting login handler.
2026-01-12 06:49:39,243 [INFO] [NAV] Navigating to Login page - https://avisbudget.palantirfoundry.com/multipass/login
2026-01-12 06:49:40,146 [WARNING] [NAV] Expected https://avisbudget.palantirfoundry.com/multipass/login, got https://avisbudget.palantirfoundry.com/multipass/automatic-login?realm=e6e04a33-f159-4321-ba01-d0c5cb20214b&collector_type=saml
2026-01-12 06:49:40,159 [INFO] [LOGIN] Automatic login page detected. Assuming login will succeed.
2026-01-12 06:49:50,663 [INFO] [LOGIN_FLOW] Microsoft SSO page not detected. Proceeding with standard login flow.
2026-01-12 06:49:50,727 [INFO] [LOGIN] Clicking Compass Mobile button
2026-01-12 06:49:50,964 [INFO] [LOGIN] Switched to Compass Mobile tab
2026-01-12 06:49:54,584 [INFO] [LOGIN] WWID input field detected
2026-01-12 06:49:54,584 [INFO] [LOGIN] Proceeding to WWID entry
2026-01-12 06:49:54,920 [INFO] [LOGIN] WWID submitted via button
2026-01-12 06:49:55,190 [INFO] [MVA_INPUT][WORKAROUND] Queried dummy MVA: 50227203
2026-01-12 06:50:29,217 [INFO] [MVA_INPUT] Field cleared before entering new MVA.
2026-01-12 06:50:29,290 [INFO] [MVA_INPUT] Entered MVA: 53674854
2026-01-12 06:50:32,973 [INFO] [MVA][WAIT] UI echoed MVA 53674854
2026-01-12 06:50:33,973 [INFO] [MVA_INPUT] Field cleared before entering new MVA.
2026-01-12 06:50:34,079 [INFO] [MVA_INPUT] Entered MVA: 58323355
2026-01-12 06:50:37,773 [INFO] [MVA][WAIT] UI echoed MVA 58323355
2026-01-12 06:50:38,745 [INFO] [MVA_INPUT] Field cleared before entering new MVA.
2026-01-12 06:50:38,842 [INFO] [MVA_INPUT] Entered MVA: 56932702
2026-01-12 06:50:42,519 [INFO] [MVA][WAIT] UI echoed MVA 56932702
2026-01-12 06:50:43,488 [INFO] [MVA_INPUT] Field cleared before entering new MVA.
2026-01-12 06:50:43,577 [INFO] [MVA_INPUT] Entered MVA: 59286522
2026-01-12 06:50:47,297 [INFO] [MVA][WAIT] UI echoed MVA 59286522
2026-01-12 06:50:48,226 [INFO] [MVA_INPUT] Field cleared before entering new MVA.
2026-01-12 06:50:48,337 [INFO] [MVA_INPUT] Entered MVA: 57908001
2026-01-12 06:50:52,020 [INFO] [MVA][WAIT] UI echoed MVA 57908001
2026-01-12 06:50:53,022 [INFO] [MVA_INPUT] Field cleared before entering new MVA.
2026-01-12 06:50:53,118 [INFO] [MVA_INPUT] Entered MVA: 59558601
2026-01-12 06:50:56,681 [INFO] [MVA][WAIT] UI echoed MVA 59558601
2026-01-12 06:50:58,113 [INFO] [MVA_INPUT] Field cleared before entering new MVA.
2026-01-12 06:50:58,192 [INFO] [MVA_INPUT] Entered MVA: 56740493
2026-01-12 06:51:01,882 [INFO] [MVA][WAIT] UI echoed MVA 56740493
2026-01-12 06:51:02,836 [INFO] [MVA_INPUT] Field cleared before entering new MVA.
2026-01-12 06:51:02,936 [INFO] [MVA_INPUT] Entered MVA: 55513264
2026-01-12 06:51:06,628 [INFO] [MVA][WAIT] UI echoed MVA 55513264
2026-01-12 06:51:07,601 [INFO] [MVA_INPUT] Field cleared before entering new MVA.
2026-01-12 06:51:07,708 [INFO] [MVA_INPUT] Entered MVA: 56721092
2026-01-12 06:51:11,407 [INFO] [MVA][WAIT] UI echoed MVA 56721092
2026-01-12 06:51:12,525 [INFO] [MVA_INPUT] Field cleared before entering new MVA.
2026-01-12 06:51:12,638 [INFO] [MVA_INPUT] Entered MVA: 57430870
2026-01-12 06:51:16,312 [INFO] [MVA][WAIT] UI echoed MVA 57430870
2026-01-12 06:51:17,280 [INFO] [MVA_INPUT] Field cleared before entering new MVA.
2026-01-12 06:51:17,404 [INFO] [MVA_INPUT] Entered MVA: 59099725
2026-01-12 06:51:21,104 [INFO] [MVA][WAIT] UI echoed MVA 59099725
2026-01-12 06:51:22,048 [INFO] [MVA_INPUT] Field cleared before entering new MVA.
2026-01-12 06:51:22,142 [INFO] [MVA_INPUT] Entered MVA: 56676502
2026-01-12 06:51:25,831 [INFO] [MVA][WAIT] UI echoed MVA 56676502
2026-01-12 06:51:26,937 [INFO] [MVA_INPUT] Field cleared before entering new MVA.
2026-01-12 06:51:27,039 [INFO] [MVA_INPUT] Entered MVA: 55867346
2026-01-12 06:51:30,737 [INFO] [MVA][WAIT] UI echoed MVA 55867346
2026-01-12 06:51:31,726 [INFO] [MVA_INPUT] Field cleared before entering new MVA.
2026-01-12 06:51:31,818 [INFO] [MVA_INPUT] Entered MVA: 59035244
2026-01-12 06:51:35,544 [INFO] [MVA][WAIT] UI echoed MVA 59035244
2026-01-12 06:51:36,498 [INFO] [MVA_INPUT] Field cleared before entering new MVA.
2026-01-12 06:51:36,581 [INFO] [MVA_INPUT] Entered MVA: 54252251
2026-01-12 06:51:40,257 [INFO] [MVA][WAIT] UI echoed MVA 54252251
2026-01-12 06:51:40,257 [INFO] [RESULTS] Writing results to: C:\Temp\Code\Scripts\py\cgi\GetGlassInfo\GlassResults.txt
2026-01-12 06:51:40,260 [INFO] [RESULTS] Results file written: C:\Temp\Code\Scripts\py\cgi\GetGlassInfo\GlassResults.txt
2026-01-12 07:02:13,117 [INFO] [DRIVER] Detected Browser=143.0.3650.139, Driver=143.0.3650.80
2026-01-12 07:02:13,117 [INFO] [DRIVER] Launching Edge - Browser 143.0.3650.139, Driver 143.0.3650.80
2026-01-12 07:02:16,463 [INFO] [LOGIN_FLOW] Starting login handler.
2026-01-12 07:02:16,508 [INFO] [NAV] Navigating to Login page - https://avisbudget.palantirfoundry.com/multipass/login
2026-01-12 07:02:17,818 [WARNING] [NAV] Expected https://avisbudget.palantirfoundry.com/multipass/login, got https://avisbudget.palantirfoundry.com/multipass/automatic-login?realm=e6e04a33-f159-4321-ba01-d0c5cb20214b&collector_type=saml
2026-01-12 07:02:17,827 [INFO] [LOGIN] Automatic login page detected. Assuming login will succeed.
2026-01-12 07:02:28,331 [INFO] [LOGIN_FLOW] Microsoft SSO page not detected. Proceeding with standard login flow.
2026-01-12 07:02:28,376 [INFO] [LOGIN] Clicking Compass Mobile button
2026-01-12 07:02:28,589 [INFO] [LOGIN] Switched to Compass Mobile tab
2026-01-12 07:02:31,381 [INFO] [LOGIN] WWID input field detected
2026-01-12 07:02:31,382 [INFO] [LOGIN] Proceeding to WWID entry
2026-01-12 07:02:31,732 [INFO] [LOGIN] WWID submitted via button
2026-01-12 07:02:31,734 [INFO] 
********************************
MVA 53674854
********************************
2026-01-12 07:02:31,735 [INFO] [MVA] Reviewing 53674854
2026-01-12 07:02:32,832 [INFO] [MVA_INPUT] Field cleared before entering new MVA.
2026-01-12 07:02:32,933 [INFO] [MVA_INPUT] Entered MVA: 53674854
2026-01-12 07:02:34,934 [INFO] [WORKITEM] 53674854 - pausing to let Work Items render...
2026-01-12 07:02:43,961 [INFO] [WORKITEMS] 53674854 - No work items yet...
2026-01-12 07:02:43,962 [INFO] [GLASS] No active glass damage work item found for 53674854, creating new work item...
2026-01-12 07:02:43,962 [INFO] [WORKITEM] 53674854 - starting CREATE NEW WORK ITEM workflow
2026-01-12 07:03:19,288 [WARNING] Timeout waiting to click Add Work Item button
2026-01-12 07:03:19,288 [WARNING] [WORKITEM][WARN] 53674854 - add_btn not found
2026-01-12 07:03:19,289 [ERROR] [GLASS][ERROR] Failed to create glass work item for 53674854: {'status': 'failed', 'reason': 'add_btn', 'mva': '53674854'}
2026-01-12 07:03:21,290 [INFO] 
********************************
MVA 58323355
********************************
2026-01-12 07:03:21,291 [INFO] [MVA] Reviewing 58323355
2026-01-12 07:03:22,237 [INFO] [MVA_INPUT] Field cleared before entering new MVA.
2026-01-12 07:03:22,360 [INFO] [MVA_INPUT] Entered MVA: 58323355
2026-01-12 07:03:24,362 [INFO] [WORKITEM] 58323355 - pausing to let Work Items render...
2026-01-12 07:03:33,389 [INFO] [WORKITEMS] 58323355 - collected 1 open work item(s)
2026-01-12 07:03:33,425 [INFO] [GLASS] Glass damage work item already exists for 58323355
2026-01-12 07:03:35,425 [INFO] 
********************************
MVA 56932702
********************************
2026-01-12 07:03:35,426 [INFO] [MVA] Reviewing 56932702
2026-01-12 07:03:36,361 [INFO] [MVA_INPUT] Field cleared before entering new MVA.
2026-01-12 07:03:36,500 [INFO] [MVA_INPUT] Entered MVA: 56932702
2026-01-12 07:03:38,502 [INFO] [WORKITEM] 56932702 - pausing to let Work Items render...
2026-01-12 07:03:47,525 [INFO] [WORKITEMS] 56932702 - collected 1 open work item(s)
2026-01-12 07:03:47,554 [INFO] [GLASS] Glass damage work item already exists for 56932702
2026-01-12 07:03:49,555 [INFO] 
********************************
MVA 59286522
********************************
2026-01-12 07:03:49,556 [INFO] [MVA] Reviewing 59286522
2026-01-12 07:03:50,466 [INFO] [MVA_INPUT] Field cleared before entering new MVA.
2026-01-12 07:03:50,609 [INFO] [MVA_INPUT] Entered MVA: 59286522
2026-01-12 07:03:52,610 [INFO] [WORKITEM] 59286522 - pausing to let Work Items render...
2026-01-12 07:04:01,623 [INFO] [WORKITEMS] 59286522 - No work items yet...
2026-01-12 07:04:01,623 [INFO] [GLASS] No active glass damage work item found for 59286522, creating new work item...
2026-01-12 07:04:01,624 [INFO] [WORKITEM] 59286522 - starting CREATE NEW WORK ITEM workflow
2026-01-12 07:04:06,755 [INFO] Clicked Add Work Item button
2026-01-12 07:04:06,758 [INFO] [WORKITEM] 59286522 - Add Work Item clicked
2026-01-12 07:04:26,281 [INFO] [GLASS][COMPLAINT][NEW] 59286522 - Add New Complaint clicked (no glass complaint found)
2026-01-12 07:04:26,283 [INFO] [GLASS][INFO] 59286522 - no existing glass complaint found, creating new complaint...
2026-01-12 07:04:26,284 [INFO] [GLASS][COMPLAINT][NEW] 59286522 - creating new glass complaint
2026-01-12 07:04:36,582 [WARNING] Timeout waiting to click element
2026-01-12 07:04:46,840 [WARNING] Timeout waiting to click element
2026-01-12 07:04:46,840 [WARNING] [GLASS][COMPLAINT][NEW][WARN] 59286522 - could not click Add/Create New Complaint
2026-01-12 07:04:46,841 [ERROR] [GLASS][ERROR] 59286522 - failed to create glass complaint: {'status': 'failed', 'reason': 'add_btn'}
2026-01-12 07:04:46,843 [ERROR] [GLASS][ERROR] Failed to create glass work item for 59286522: {'status': 'failed', 'reason': 'add_btn'}
2026-01-12 07:04:48,844 [INFO] 
********************************
MVA 57908001c
********************************
2026-01-12 07:04:48,845 [INFO] [MVA] Reviewing 57908001c
2026-01-12 07:05:01,236 [INFO] [MVA_INPUT] No candidate locator matched — input field not found
2026-01-12 07:05:02,184 [INFO] [MVA_INPUT] Field cleared before entering new MVA.
2026-01-12 07:05:02,335 [INFO] [MVA_INPUT] Entered MVA: 57908001c
2026-01-12 07:05:04,336 [INFO] [WORKITEM] 57908001c - pausing to let Work Items render...
2026-01-12 07:05:13,348 [INFO] [WORKITEMS] 57908001c - No work items yet...
2026-01-12 07:05:13,348 [INFO] [GLASS] No active glass damage work item found for 57908001c, creating new work item...
2026-01-12 07:05:13,348 [INFO] [WORKITEM] 57908001c - starting CREATE NEW WORK ITEM workflow
2026-01-12 07:05:18,471 [INFO] Clicked Add Work Item button
2026-01-12 07:05:18,482 [INFO] [WORKITEM] 57908001c - Add Work Item clicked
2026-01-12 07:06:12,228 [INFO] [GLASS][COMPLAINT][NEW] 57908001c - Add New Complaint clicked (no glass complaint found)
2026-01-12 07:06:12,230 [INFO] [GLASS][INFO] 57908001c - no existing glass complaint found, creating new complaint...
2026-01-12 07:06:12,231 [INFO] [GLASS][COMPLAINT][NEW] 57908001c - creating new glass complaint
2026-01-12 07:06:22,792 [WARNING] Timeout waiting to click element
2026-01-12 07:06:33,145 [WARNING] Timeout waiting to click element
2026-01-12 07:06:33,146 [WARNING] [GLASS][COMPLAINT][NEW][WARN] 57908001c - could not click Add/Create New Complaint
2026-01-12 07:06:33,146 [ERROR] [GLASS][ERROR] 57908001c - failed to create glass complaint: {'status': 'failed', 'reason': 'add_btn'}
2026-01-12 07:06:33,148 [ERROR] [GLASS][ERROR] Failed to create glass work item for 57908001c: {'status': 'failed', 'reason': 'add_btn'}
2026-01-12 07:06:35,152 [INFO] 
********************************
MVA 59558601
********************************
2026-01-12 07:06:35,182 [INFO] [MVA] Reviewing 59558601
2026-01-12 07:06:47,729 [INFO] [MVA_INPUT] No candidate locator matched — input field not found
2026-01-12 07:06:51,776 [INFO] [MVA_INPUT] Field cleared before entering new MVA.
2026-01-12 07:06:51,925 [INFO] [MVA_INPUT] Entered MVA: 59558601
2026-01-12 07:06:53,927 [INFO] [WORKITEM] 59558601 - pausing to let Work Items render...
2026-01-12 07:07:02,945 [INFO] [WORKITEMS] 59558601 - No work items yet...
2026-01-12 07:07:02,945 [INFO] [GLASS] No active glass damage work item found for 59558601, creating new work item...
2026-01-12 07:07:02,946 [INFO] [WORKITEM] 59558601 - starting CREATE NEW WORK ITEM workflow
2026-01-12 07:07:08,377 [INFO] Clicked Add Work Item button
2026-01-12 07:07:08,384 [INFO] [WORKITEM] 59558601 - Add Work Item clicked
2026-01-12 08:44:39,480 [INFO] [DRIVER] Detected Browser=143.0.3650.139, Driver=143.0.3650.80
2026-01-12 08:44:39,489 [INFO] [DRIVER] Launching Edge - Browser 143.0.3650.139, Driver 143.0.3650.80
2026-01-12 08:44:42,883 [INFO] [LOGIN_FLOW] Starting login handler.
2026-01-12 08:44:42,896 [INFO] [NAV] Navigating to Login page - https://avisbudget.palantirfoundry.com/multipass/login
2026-01-12 08:44:59,549 [WARNING] [NAV] Expected https://avisbudget.palantirfoundry.com/multipass/login, got https://avisbudget.palantirfoundry.com/workspace/module/view/latest/ri.workshop.main.module.d62ba12c-018c-41c1-8214-0749f6591b30
2026-01-12 08:44:59,555 [INFO] [LOGIN] Already on workspace page after redirection. Considering logged in.
2026-01-12 08:45:09,854 [INFO] [LOGIN_FLOW] Microsoft SSO page not detected. Proceeding with standard login flow.
2026-01-12 08:45:09,919 [INFO] [LOGIN] Clicking Compass Mobile button
2026-01-12 08:45:10,192 [INFO] [LOGIN] Switched to Compass Mobile tab
2026-01-12 08:45:13,064 [INFO] [LOGIN] WWID input field detected
2026-01-12 08:45:13,079 [INFO] [LOGIN] Proceeding to WWID entry
2026-01-12 08:45:13,472 [INFO] [LOGIN] WWID submitted via button
2026-01-12 08:45:13,476 [INFO] 
********************************
MVA 53674854
********************************
2026-01-12 08:45:13,479 [INFO] [MVA] Reviewing 53674854
2026-01-12 08:45:14,623 [INFO] [MVA_INPUT] Field cleared before entering new MVA.
2026-01-12 08:45:14,728 [INFO] [MVA_INPUT] Entered MVA: 53674854
2026-01-12 08:45:16,729 [INFO] [WORKITEM] 53674854 - pausing to let Work Items render...
2026-01-12 08:45:25,749 [INFO] [WORKITEMS] 53674854 - No work items yet...
2026-01-12 08:45:25,750 [INFO] [GLASS] No active glass damage work item found for 53674854, creating new work item...
2026-01-12 08:45:25,751 [INFO] [WORKITEM] 53674854 - starting CREATE NEW WORK ITEM workflow
2026-01-12 08:46:00,907 [WARNING] Timeout waiting to click Add Work Item button
2026-01-12 08:46:00,907 [WARNING] [WORKITEM][WARN] 53674854 - add_btn not found
2026-01-12 08:46:00,908 [ERROR] [GLASS][ERROR] Failed to create glass work item for 53674854: {'status': 'failed', 'reason': 'add_btn', 'mva': '53674854'}
2026-01-12 08:46:02,909 [INFO] 
********************************
MVA 58323355
********************************
2026-01-12 08:46:02,910 [INFO] [MVA] Reviewing 58323355
2026-01-12 08:46:03,900 [INFO] [MVA_INPUT] Field cleared before entering new MVA.
2026-01-12 08:46:04,040 [INFO] [MVA_INPUT] Entered MVA: 58323355
2026-01-12 08:46:06,041 [INFO] [WORKITEM] 58323355 - pausing to let Work Items render...
2026-01-12 08:46:15,070 [INFO] [WORKITEMS] 58323355 - collected 1 open work item(s)
2026-01-12 08:46:15,110 [INFO] [GLASS] Glass damage work item already exists for 58323355
2026-01-12 08:46:17,111 [INFO] 
********************************
MVA 56932702
********************************
2026-01-12 08:46:17,112 [INFO] [MVA] Reviewing 56932702
2026-01-12 08:46:18,097 [INFO] [MVA_INPUT] Field cleared before entering new MVA.
2026-01-12 08:46:18,289 [INFO] [MVA_INPUT] Entered MVA: 56932702
2026-01-12 08:46:20,290 [INFO] [WORKITEM] 56932702 - pausing to let Work Items render...
2026-01-12 08:47:30,888 [INFO] [DRIVER] Detected Browser=143.0.3650.139, Driver=143.0.3650.80
2026-01-12 08:47:30,890 [INFO] [DRIVER] Launching Edge - Browser 143.0.3650.139, Driver 143.0.3650.80
2026-01-12 08:47:34,350 [INFO] [LOGIN_FLOW] Starting login handler.
2026-01-12 08:47:34,353 [INFO] [NAV] Navigating to Login page - https://avisbudget.palantirfoundry.com/multipass/login
2026-01-12 08:47:36,686 [WARNING] [NAV] Expected https://avisbudget.palantirfoundry.com/multipass/login, got https://avisbudget.palantirfoundry.com/multipass/automatic-login?realm=e6e04a33-f159-4321-ba01-d0c5cb20214b&collector_type=saml
2026-01-12 08:47:36,701 [INFO] [LOGIN] Automatic login page detected. Assuming login will succeed.
2026-01-12 08:47:47,942 [INFO] [LOGIN_FLOW] Microsoft SSO page not detected. Proceeding with standard login flow.
2026-01-12 08:47:48,188 [INFO] [LOGIN] Clicking Compass Mobile button
2026-01-12 08:47:48,475 [INFO] [LOGIN] Switched to Compass Mobile tab
2026-01-12 08:47:52,395 [INFO] [LOGIN] WWID input field detected
2026-01-12 08:47:52,398 [INFO] [LOGIN] Proceeding to WWID entry
2026-01-12 08:47:52,786 [INFO] [LOGIN] WWID submitted via button
2026-01-12 08:47:52,789 [INFO] 
********************************
MVA 53674854
********************************
2026-01-12 08:47:52,789 [INFO] [MVA] Reviewing 53674854
2026-01-12 08:48:44,161 [INFO] [MVA_INPUT] Field cleared before entering new MVA.
2026-01-12 08:49:06,364 [INFO] [MVA_INPUT] Entered MVA: 53674854
2026-01-12 08:49:42,578 [INFO] [WORKITEM] 53674854 - pausing to let Work Items render...
2026-01-12 08:49:51,611 [INFO] [WORKITEMS] 53674854 - collected 1 open work item(s)
2026-01-12 08:56:53,241 [INFO] [DRIVER] Detected Browser=143.0.3650.139, Driver=143.0.3650.80
2026-01-12 08:56:53,243 [INFO] [DRIVER] Launching Edge - Browser 143.0.3650.139, Driver 143.0.3650.80
2026-01-12 08:56:56,998 [INFO] [LOGIN_FLOW] Starting login handler.
2026-01-12 08:56:57,020 [INFO] [NAV] Navigating to Login page - https://avisbudget.palantirfoundry.com/multipass/login
2026-01-12 08:56:58,740 [WARNING] [NAV] Expected https://avisbudget.palantirfoundry.com/multipass/login, got https://avisbudget.palantirfoundry.com/multipass/automatic-login?realm=e6e04a33-f159-4321-ba01-d0c5cb20214b&collector_type=saml
2026-01-12 08:56:58,795 [INFO] [LOGIN] Automatic login page detected. Assuming login will succeed.
2026-01-12 08:57:08,863 [INFO] [LOGIN_FLOW] Microsoft SSO page not detected. Proceeding with standard login flow.
2026-01-12 08:57:08,917 [INFO] [LOGIN] Clicking Compass Mobile button
2026-01-12 08:57:09,159 [INFO] [LOGIN] Switched to Compass Mobile tab
2026-01-12 08:57:12,041 [INFO] [LOGIN] WWID input field detected
2026-01-12 08:57:12,042 [INFO] [LOGIN] Proceeding to WWID entry
2026-01-12 08:57:12,408 [INFO] [LOGIN] WWID submitted via button
2026-01-12 08:57:12,411 [INFO] 
********************************
MVA 53674854
********************************
2026-01-12 08:57:12,412 [INFO] [MVA] Reviewing 53674854
2026-01-12 08:57:33,242 [INFO] [MVA_INPUT] Field cleared before entering new MVA.
2026-01-12 08:57:33,397 [INFO] [MVA_INPUT] Entered MVA: 53674854
2026-01-12 08:57:35,398 [INFO] [WORKITEM] 53674854 - pausing to let Work Items render...
2026-01-12 08:57:44,429 [INFO] [WORKITEMS] 53674854 - collected 1 open work item(s)
2026-01-12 08:57:44,465 [INFO] [DEBUG] Work item text: 'Open
Unknown
Complaints: Glass Damage - Windshield Crack
Created At: 1/9/2026, 7:26:43 AM
Estimated Labor Time: 0'
2026-01-12 08:57:44,484 [INFO] [DEBUG] Text length: 113
2026-01-12 08:57:44,500 [INFO] [DEBUG] Text repr: 'Open\nUnknown\nComplaints: Glass Damage - Windshield Crack\nCreated At: 1/9/2026, 7:26:43 AM\nEstimated Labor Time: 0'
2026-01-12 08:57:44,518 [INFO] [DEBUG] Lowercased: 'open
unknown
complaints: glass damage - windshield crack
created at: 1/9/2026, 7:26:43 am
estimated labor time: 0'
2026-01-12 08:57:44,534 [INFO] [DEBUG] Contains 'glass': True
2026-01-12 08:57:44,551 [INFO] [GLASS] Glass damage work item already exists for 53674854
2026-01-12 08:57:46,552 [INFO] 
********************************
MVA 58323355
********************************
2026-01-12 08:57:46,552 [INFO] [MVA] Reviewing 58323355
2026-01-12 08:58:59,914 [INFO] [MVA_INPUT] Field cleared before entering new MVA.
2026-01-12 08:59:00,136 [INFO] [MVA_INPUT] Entered MVA: 58323355
2026-01-12 08:59:02,138 [INFO] [WORKITEM] 58323355 - pausing to let Work Items render...
2026-01-12 08:59:11,163 [INFO] [WORKITEMS] 58323355 - collected 1 open work item(s)
2026-01-12 08:59:11,197 [INFO] [DEBUG] Work item text: 'Open
Unknown
Complaints: Glass Damage - Windshield Crack
Created At: 1/9/2026, 9:22:01 AM
Estimated Labor Time: 0'
2026-01-12 08:59:11,213 [INFO] [DEBUG] Text length: 113
2026-01-12 08:59:11,229 [INFO] [DEBUG] Text repr: 'Open\nUnknown\nComplaints: Glass Damage - Windshield Crack\nCreated At: 1/9/2026, 9:22:01 AM\nEstimated Labor Time: 0'
2026-01-12 08:59:11,244 [INFO] [DEBUG] Lowercased: 'open
unknown
complaints: glass damage - windshield crack
created at: 1/9/2026, 9:22:01 am
estimated labor time: 0'
2026-01-12 08:59:11,262 [INFO] [DEBUG] Contains 'glass': True
2026-01-12 08:59:11,279 [INFO] [GLASS] Glass damage work item already exists for 58323355
2026-01-12 08:59:13,280 [INFO] 
********************************
MVA 56932702
********************************
2026-01-12 08:59:13,281 [INFO] [MVA] Reviewing 56932702
2026-01-12 08:59:45,309 [INFO] [MVA_INPUT] Field cleared before entering new MVA.
2026-01-12 08:59:45,485 [INFO] [MVA_INPUT] Entered MVA: 56932702
2026-01-12 08:59:47,486 [INFO] [WORKITEM] 56932702 - pausing to let Work Items render...
2026-01-12 08:59:56,511 [INFO] [WORKITEMS] 56932702 - collected 1 open work item(s)
2026-01-12 08:59:56,543 [INFO] [DEBUG] Work item text: 'Open
Unknown
Complaints: Glass Damage - Windshield Crack
Created At: 1/9/2026, 7:25:40 AM
Estimated Labor Time: 0'
2026-01-12 08:59:56,561 [INFO] [DEBUG] Text length: 113
2026-01-12 08:59:56,577 [INFO] [DEBUG] Text repr: 'Open\nUnknown\nComplaints: Glass Damage - Windshield Crack\nCreated At: 1/9/2026, 7:25:40 AM\nEstimated Labor Time: 0'
2026-01-12 08:59:56,596 [INFO] [DEBUG] Lowercased: 'open
unknown
complaints: glass damage - windshield crack
created at: 1/9/2026, 7:25:40 am
estimated labor time: 0'
2026-01-12 08:59:56,611 [INFO] [DEBUG] Contains 'glass': True
2026-01-12 08:59:56,626 [INFO] [GLASS] Glass damage work item already exists for 56932702
2026-01-12 08:59:58,627 [INFO] 
********************************
MVA 59286522
********************************
2026-01-12 08:59:58,628 [INFO] [MVA] Reviewing 59286522
2026-01-12 09:00:33,964 [INFO] [MVA_INPUT] Field cleared before entering new MVA.
2026-01-12 09:00:34,126 [INFO] [MVA_INPUT] Entered MVA: 59286522
2026-01-12 09:00:36,126 [INFO] [WORKITEM] 59286522 - pausing to let Work Items render...
2026-01-12 09:00:45,140 [INFO] [WORKITEMS] 59286522 - No work items yet...
2026-01-12 09:00:56,173 [INFO] [GLASS] No active glass damage work item found for 59286522, creating new work item...
2026-01-12 09:00:56,214 [INFO] [WORKITEM] 59286522 - starting CREATE NEW WORK ITEM workflow
2026-01-12 09:01:15,336 [INFO] Clicked Add Work Item button
2026-01-12 09:01:29,945 [INFO] [WORKITEM] 59286522 - Add Work Item clicked
2026-01-12 09:07:22,901 [INFO] [DRIVER] Detected Browser=143.0.3650.139, Driver=143.0.3650.80
2026-01-12 09:07:22,902 [INFO] [DRIVER] Launching Edge - Browser 143.0.3650.139, Driver 143.0.3650.80
2026-01-12 09:07:26,380 [INFO] [LOGIN_FLOW] Starting login handler.
2026-01-12 09:07:26,418 [INFO] [NAV] Navigating to Login page - https://avisbudget.palantirfoundry.com/multipass/login
2026-01-12 09:07:35,077 [WARNING] [NAV] Expected https://avisbudget.palantirfoundry.com/multipass/login, got https://avisbudget.palantirfoundry.com/workspace/module/view/latest/ri.workshop.main.module.d62ba12c-018c-41c1-8214-0749f6591b30
2026-01-12 09:07:35,154 [INFO] [LOGIN] Already on workspace page after redirection. Considering logged in.
2026-01-12 09:07:45,565 [INFO] [LOGIN_FLOW] Microsoft SSO page not detected. Proceeding with standard login flow.
2026-01-12 09:07:45,616 [INFO] [LOGIN] Clicking Compass Mobile button
2026-01-12 09:07:45,844 [INFO] [LOGIN] Switched to Compass Mobile tab
2026-01-12 09:07:48,027 [ERROR] Error waiting for wwid_input_field: Message: target frame detached
  (failed to check if window was closed: disconnected: Unable to receive message from renderer)
  (Session info: MicrosoftEdge=143.0.3650.139)
Stacktrace:
Symbols not available. Dumping unresolved backtrace:
	0x7ff6260887c5
	0x7ff625ff8e34
	0x7ff625e0c746
	0x7ff625dff718
	0x7ff625dfe876
	0x7ff625e19093
	0x7ff625e773ec
	0x7ff625e8c212
	0x7ff625e4982a
	0x7ff625e48b33
	0x7ff625e49653
	0x7ff625f322e4
	0x7ff625f4109c
	0x7ff625f3ac7f
	0x7ff626119b27
	0x7ff626004696
	0x7ff625ffeaa4
	0x7ff625ffebe9
	0x7ff625ff2cad
	0x7ffd830c7374
	0x7ffd84ebcc91

2026-01-12 09:07:48,078 [WARNING] [LOGIN][WARN] WWID input not found after Compass Mobile launch
2026-01-12 09:07:48,091 [ERROR] [LOGIN] Failed to initialize session → {'status': 'failed', 'reason': 'wwid_field_missing'}
2026-01-12 09:08:25,899 [INFO] [DRIVER] Detected Browser=143.0.3650.139, Driver=143.0.3650.80
2026-01-12 09:08:25,901 [INFO] [DRIVER] Launching Edge - Browser 143.0.3650.139, Driver 143.0.3650.80
2026-01-12 09:08:29,728 [INFO] [LOGIN_FLOW] Starting login handler.
2026-01-12 09:08:29,729 [INFO] [NAV] Navigating to Login page - https://avisbudget.palantirfoundry.com/multipass/login
2026-01-12 09:08:30,561 [WARNING] [NAV] Expected https://avisbudget.palantirfoundry.com/multipass/login, got https://avisbudget.palantirfoundry.com/multipass/automatic-login?realm=e6e04a33-f159-4321-ba01-d0c5cb20214b&collector_type=saml
2026-01-12 09:08:30,576 [INFO] [LOGIN] Automatic login page detected. Assuming login will succeed.
2026-01-12 09:08:40,869 [INFO] [LOGIN_FLOW] Microsoft SSO page not detected. Proceeding with standard login flow.
2026-01-12 09:08:40,933 [INFO] [LOGIN] Clicking Compass Mobile button
2026-01-12 09:08:41,207 [INFO] [LOGIN] Switched to Compass Mobile tab
2026-01-12 09:08:44,634 [INFO] [LOGIN] WWID input field detected
2026-01-12 09:08:44,637 [INFO] [LOGIN] Proceeding to WWID entry
2026-01-12 09:08:45,134 [INFO] [LOGIN] WWID submitted via button
2026-01-12 09:08:45,138 [INFO] 
********************************
MVA 53674854
********************************
2026-01-12 09:08:45,140 [INFO] [MVA] Reviewing 53674854
2026-01-12 09:08:46,380 [INFO] [MVA_INPUT] Field cleared before entering new MVA.
2026-01-12 09:08:46,552 [INFO] [MVA_INPUT] Entered MVA: 53674854
2026-01-12 09:08:48,553 [INFO] [WORKITEM] 53674854 - pausing to let Work Items render...
2026-01-12 09:08:57,574 [INFO] [WORKITEMS] 53674854 - No work items yet...
2026-01-12 09:29:33,153 [INFO] [DRIVER] Detected Browser=143.0.3650.139, Driver=143.0.3650.80
2026-01-12 09:29:33,156 [INFO] [DRIVER] Launching Edge - Browser 143.0.3650.139, Driver 143.0.3650.80
2026-01-12 09:29:36,823 [INFO] [LOGIN_FLOW] Starting login handler.
2026-01-12 09:29:36,880 [INFO] [NAV] Navigating to Login page - https://avisbudget.palantirfoundry.com/multipass/login
2026-01-12 09:29:38,461 [WARNING] [NAV] Expected https://avisbudget.palantirfoundry.com/multipass/login, got https://avisbudget.palantirfoundry.com/multipass/automatic-login?realm=e6e04a33-f159-4321-ba01-d0c5cb20214b&collector_type=saml
2026-01-12 09:29:38,484 [INFO] [LOGIN] Automatic login page detected. Assuming login will succeed.
2026-01-12 09:29:48,684 [INFO] [LOGIN_FLOW] Microsoft SSO page not detected. Proceeding with standard login flow.
2026-01-12 09:29:48,741 [INFO] [LOGIN] Clicking Compass Mobile button
2026-01-12 09:29:48,988 [INFO] [LOGIN] Switched to Compass Mobile tab
2026-01-12 09:29:52,610 [INFO] [LOGIN] WWID input field detected
2026-01-12 09:29:52,611 [INFO] [LOGIN] Proceeding to WWID entry
2026-01-12 09:29:53,208 [INFO] [LOGIN] WWID submitted via button
2026-01-12 09:29:53,214 [INFO] 
********************************
MVA 53674854
********************************
2026-01-12 09:29:53,215 [INFO] [MVA] Reviewing 53674854
2026-01-12 09:29:54,380 [INFO] [MVA_INPUT] Field cleared before entering new MVA.
2026-01-12 09:29:54,469 [INFO] [MVA_INPUT] Entered MVA: 53674854
2026-01-12 09:29:54,471 [INFO] [MVA_VALIDATION] Waiting for vehicle properties to load for 53674854...
2026-01-12 09:30:09,946 [WARNING] [MVA_VALIDATION] Vehicle properties not found for 53674854 - MVA may be invalid or non-existent
2026-01-12 09:31:06,437 [INFO] 
********************************
MVA 58323355
********************************
2026-01-12 09:31:07,277 [INFO] [MVA] Reviewing 58323355
2026-01-12 09:32:20,157 [INFO] [MVA_INPUT] Field cleared before entering new MVA.
2026-01-12 09:32:26,501 [INFO] [MVA_INPUT] Entered MVA: 58323355
2026-01-12 09:32:28,254 [INFO] [MVA_VALIDATION] Waiting for vehicle properties to load for 58323355...
2026-01-12 09:36:10,152 [WARNING] [MVA_VALIDATION] Vehicle properties not found for 58323355 - MVA may be invalid or non-existent
2026-01-12 09:36:23,048 [INFO] 
********************************
MVA 56932702
********************************
2026-01-12 09:36:23,496 [INFO] [MVA] Reviewing 56932702
2026-01-12 09:37:01,696 [INFO] [MVA_INPUT] Field cleared before entering new MVA.
2026-01-12 09:37:09,264 [INFO] [MVA_INPUT] Entered MVA: 56932702
2026-01-12 09:37:11,744 [INFO] [MVA_VALIDATION] Waiting for vehicle properties to load for 56932702...
2026-01-12 09:37:18,649 [INFO] [MVA_VALIDATION] Vehicle properties loaded successfully for 56932702
2026-01-12 09:37:28,024 [INFO] [WORKITEM] 56932702 - pausing to let Work Items render...
2026-01-12 09:37:37,062 [INFO] [WORKITEMS] 56932702 - collected 1 open work item(s)
2026-01-12 09:37:41,441 [INFO] [DEBUG] Work item text: 'Open
Unknown
Complaints: Glass Damage - Windshield Crack
Created At: 1/9/2026, 7:25:40 AM
Estimated Labor Time: 0'
2026-01-12 09:37:42,386 [INFO] [DEBUG] Text length: 113
2026-01-12 09:37:43,280 [INFO] [DEBUG] Text repr: 'Open\nUnknown\nComplaints: Glass Damage - Windshield Crack\nCreated At: 1/9/2026, 7:25:40 AM\nEstimated Labor Time: 0'
2026-01-12 09:37:44,483 [INFO] [DEBUG] Lowercased: 'open
unknown
complaints: glass damage - windshield crack
created at: 1/9/2026, 7:25:40 am
estimated labor time: 0'
2026-01-12 09:37:52,496 [INFO] [DEBUG] Contains 'glass': True
2026-01-12 09:37:56,968 [INFO] [GLASS] Glass damage work item already exists for 56932702
2026-01-12 09:38:03,428 [INFO] 
********************************
MVA 59286522
********************************
2026-01-12 09:38:04,041 [INFO] [MVA] Reviewing 59286522
2026-01-12 09:41:09,267 [INFO] [MVA_INPUT] Field cleared before entering new MVA.
2026-01-12 09:41:14,211 [INFO] [MVA_INPUT] Entered MVA: 59286522
2026-01-12 09:42:01,603 [INFO] [MVA_VALIDATION] Waiting for vehicle properties to load for 59286522...
2026-01-12 09:42:44,836 [INFO] [MVA_VALIDATION] Vehicle properties loaded successfully for 59286522
2026-01-12 09:44:40,853 [INFO] [WORKITEM] 59286522 - pausing to let Work Items render...
2026-01-12 09:44:49,882 [INFO] [WORKITEMS] 59286522 - collected 1 open work item(s)
2026-01-12 09:44:54,772 [INFO] [DEBUG] Work item text: 'Open
Unknown
Complaints: Glass Damage - Windshield Crack
Created At: 1/12/2026, 7:13:26 AM
Estimated Labor Time: 0'
2026-01-12 09:44:55,070 [INFO] [DEBUG] Text length: 114
2026-01-12 09:44:55,389 [INFO] [DEBUG] Text repr: 'Open\nUnknown\nComplaints: Glass Damage - Windshield Crack\nCreated At: 1/12/2026, 7:13:26 AM\nEstimated Labor Time: 0'
2026-01-12 09:44:55,749 [INFO] [DEBUG] Lowercased: 'open
unknown
complaints: glass damage - windshield crack
created at: 1/12/2026, 7:13:26 am
estimated labor time: 0'
2026-01-12 09:45:02,591 [INFO] [DEBUG] Contains 'glass': True
2026-01-12 09:45:07,469 [INFO] [GLASS] Glass damage work item already exists for 59286522
2026-01-12 09:45:31,341 [INFO] 
********************************
MVA 57908001
********************************
2026-01-12 09:45:31,735 [INFO] [MVA] Reviewing 57908001
2026-01-12 09:45:57,486 [INFO] [MVA_INPUT] Field cleared before entering new MVA.
2026-01-12 09:46:09,682 [INFO] [MVA_INPUT] Entered MVA: 57908001
2026-01-12 09:46:12,078 [INFO] [MVA_VALIDATION] Waiting for vehicle properties to load for 57908001...
2026-01-12 09:46:15,126 [INFO] [MVA_VALIDATION] Vehicle properties loaded successfully for 57908001
2026-01-12 09:46:24,254 [INFO] [WORKITEM] 57908001 - pausing to let Work Items render...
2026-01-12 09:46:33,278 [INFO] [WORKITEMS] 57908001 - collected 1 open work item(s)
2026-01-12 09:46:44,947 [INFO] [DEBUG] Work item text: 'Open
Unknown
Complaints: Glass Damage - Windshield Crack
Created At: 1/12/2026, 7:18:43 AM
Estimated Labor Time: 0'
2026-01-12 09:46:44,965 [INFO] [DEBUG] Text length: 114
2026-01-12 09:46:44,979 [INFO] [DEBUG] Text repr: 'Open\nUnknown\nComplaints: Glass Damage - Windshield Crack\nCreated At: 1/12/2026, 7:18:43 AM\nEstimated Labor Time: 0'
2026-01-12 09:46:44,998 [INFO] [DEBUG] Lowercased: 'open
unknown
complaints: glass damage - windshield crack
created at: 1/12/2026, 7:18:43 am
estimated labor time: 0'
2026-01-12 09:46:45,018 [INFO] [DEBUG] Contains 'glass': True
2026-01-12 09:46:45,034 [INFO] [GLASS] Glass damage work item already exists for 57908001
2026-01-12 09:46:47,035 [INFO] 
********************************
MVA 59558601
********************************
2026-01-12 09:46:47,036 [INFO] [MVA] Reviewing 59558601
2026-01-12 09:46:48,006 [INFO] [MVA_INPUT] Field cleared before entering new MVA.
2026-01-12 09:47:02,598 [INFO] [MVA_INPUT] Entered MVA: 59558601
2026-01-12 09:47:04,575 [INFO] [MVA_VALIDATION] Waiting for vehicle properties to load for 59558601...
2026-01-12 09:47:07,830 [INFO] [MVA_VALIDATION] Vehicle properties loaded successfully for 59558601
2026-01-12 09:47:16,831 [INFO] [WORKITEM] 59558601 - pausing to let Work Items render...
2026-01-12 09:47:25,856 [INFO] [WORKITEMS] 59558601 - collected 1 open work item(s)
2026-01-12 09:47:25,888 [INFO] [DEBUG] Work item text: 'Open
Unknown
Complaints: Glass Damage - Windshield Crack
Created At: 1/12/2026, 7:27:28 AM
Estimated Labor Time: 0'
2026-01-12 09:47:25,907 [INFO] [DEBUG] Text length: 114
2026-01-12 09:47:25,922 [INFO] [DEBUG] Text repr: 'Open\nUnknown\nComplaints: Glass Damage - Windshield Crack\nCreated At: 1/12/2026, 7:27:28 AM\nEstimated Labor Time: 0'
2026-01-12 09:47:25,938 [INFO] [DEBUG] Lowercased: 'open
unknown
complaints: glass damage - windshield crack
created at: 1/12/2026, 7:27:28 am
estimated labor time: 0'
2026-01-12 09:47:25,957 [INFO] [DEBUG] Contains 'glass': True
2026-01-12 09:47:25,973 [INFO] [GLASS] Glass damage work item already exists for 59558601
2026-01-12 09:47:27,974 [INFO] 
********************************
MVA 56740493
********************************
2026-01-12 09:47:27,975 [INFO] [MVA] Reviewing 56740493
2026-01-12 09:47:28,922 [INFO] [MVA_INPUT] Field cleared before entering new MVA.
2026-01-12 10:34:12,624 [INFO] [MVA_INPUT] Entered MVA: 56740493
2026-01-12 10:34:17,680 [INFO] [MVA_VALIDATION] Waiting for vehicle properties to load for 56740493...
2026-01-12 10:34:25,464 [INFO] [MVA_VALIDATION] Vehicle properties loaded successfully for 56740493
2026-01-12 10:34:38,761 [INFO] [WORKITEM] 56740493 - pausing to let Work Items render...
2026-01-12 10:34:47,794 [INFO] [WORKITEMS] 56740493 - collected 1 open work item(s)
2026-01-12 10:34:47,836 [INFO] [DEBUG] Work item text: 'Open
Unknown
Complaints: Glass Damage - Windshield Crack
Created At: 1/12/2026, 7:30:11 AM
Estimated Labor Time: 0'
2026-01-12 10:34:47,852 [INFO] [DEBUG] Text length: 114
2026-01-12 10:34:47,872 [INFO] [DEBUG] Text repr: 'Open\nUnknown\nComplaints: Glass Damage - Windshield Crack\nCreated At: 1/12/2026, 7:30:11 AM\nEstimated Labor Time: 0'
2026-01-12 10:34:47,888 [INFO] [DEBUG] Lowercased: 'open
unknown
complaints: glass damage - windshield crack
created at: 1/12/2026, 7:30:11 am
estimated labor time: 0'
2026-01-12 10:34:47,905 [INFO] [DEBUG] Contains 'glass': True
2026-01-12 10:34:47,921 [INFO] [GLASS] Glass damage work item already exists for 56740493
2026-01-12 10:34:49,923 [INFO] 
********************************
MVA 55513264
********************************
2026-01-12 10:34:49,924 [INFO] [MVA] Reviewing 55513264
2026-01-12 10:34:50,917 [INFO] [MVA_INPUT] Field cleared before entering new MVA.
2026-01-12 10:35:37,111 [INFO] [MVA_INPUT] Entered MVA: 55513264
2026-01-12 10:35:37,130 [INFO] [MVA_VALIDATION] Waiting for vehicle properties to load for 55513264...
2026-01-12 10:35:37,262 [INFO] [MVA_VALIDATION] Vehicle properties loaded successfully for 55513264
2026-01-12 10:35:39,263 [INFO] [WORKITEM] 55513264 - pausing to let Work Items render...
2026-01-12 10:35:48,288 [INFO] [WORKITEMS] 55513264 - collected 1 open work item(s)
2026-01-12 10:35:48,317 [INFO] [DEBUG] Work item text: 'Open
Unknown
Complaints: Glass Damage - Windshield Crack
Created At: 1/7/2026, 11:49:02 AM
Estimated Labor Time: 0'
2026-01-12 10:35:48,332 [INFO] [DEBUG] Text length: 114
2026-01-12 10:35:48,350 [INFO] [DEBUG] Text repr: 'Open\nUnknown\nComplaints: Glass Damage - Windshield Crack\nCreated At: 1/7/2026, 11:49:02 AM\nEstimated Labor Time: 0'
2026-01-12 10:35:48,369 [INFO] [DEBUG] Lowercased: 'open
unknown
complaints: glass damage - windshield crack
created at: 1/7/2026, 11:49:02 am
estimated labor time: 0'
2026-01-12 10:35:48,385 [INFO] [DEBUG] Contains 'glass': True
2026-01-12 10:35:48,400 [INFO] [GLASS] Glass damage work item already exists for 55513264
2026-01-12 10:35:50,402 [INFO] 
********************************
MVA 56721092
********************************
2026-01-12 10:35:50,403 [INFO] [MVA] Reviewing 56721092
2026-01-12 10:35:51,384 [INFO] [MVA_INPUT] Field cleared before entering new MVA.
2026-01-12 10:36:33,185 [INFO] [MVA_INPUT] Entered MVA: 56721092
2026-01-12 10:36:33,186 [INFO] [MVA_VALIDATION] Waiting for vehicle properties to load for 56721092...
2026-01-12 10:36:33,199 [INFO] [MVA_VALIDATION] Vehicle properties loaded successfully for 56721092
2026-01-12 10:36:35,200 [INFO] [WORKITEM] 56721092 - pausing to let Work Items render...
2026-01-12 10:36:44,221 [INFO] [WORKITEMS] 56721092 - collected 1 open work item(s)
2026-01-12 10:36:44,252 [INFO] [DEBUG] Work item text: 'Open
Unknown
Complaints: Glass Damage - Windshield Crack
Created At: 1/6/2026, 7:15:01 AM
Estimated Labor Time: 0'
2026-01-12 10:36:44,272 [INFO] [DEBUG] Text length: 113
2026-01-12 10:36:44,289 [INFO] [DEBUG] Text repr: 'Open\nUnknown\nComplaints: Glass Damage - Windshield Crack\nCreated At: 1/6/2026, 7:15:01 AM\nEstimated Labor Time: 0'
2026-01-12 10:36:44,305 [INFO] [DEBUG] Lowercased: 'open
unknown
complaints: glass damage - windshield crack
created at: 1/6/2026, 7:15:01 am
estimated labor time: 0'
2026-01-12 10:36:44,320 [INFO] [DEBUG] Contains 'glass': True
2026-01-12 10:36:44,336 [INFO] [GLASS] Glass damage work item already exists for 56721092
2026-01-12 10:36:46,337 [INFO] 
********************************
MVA 57430870
********************************
2026-01-12 10:36:46,338 [INFO] [MVA] Reviewing 57430870
2026-01-12 10:36:47,318 [INFO] [MVA_INPUT] Field cleared before entering new MVA.
2026-01-12 10:37:17,010 [INFO] [MVA_INPUT] Entered MVA: 57430870
2026-01-12 10:37:17,011 [INFO] [MVA_VALIDATION] Waiting for vehicle properties to load for 57430870...
2026-01-12 10:37:17,029 [INFO] [MVA_VALIDATION] Vehicle properties loaded successfully for 57430870
2026-01-12 10:37:19,030 [INFO] [WORKITEM] 57430870 - pausing to let Work Items render...
2026-01-12 10:37:28,054 [INFO] [WORKITEMS] 57430870 - collected 1 open work item(s)
2026-01-12 10:37:28,087 [INFO] [DEBUG] Work item text: 'Open
Unknown
Complaints: Glass Damage - Windshield Crack
Created At: 1/1/2026, 6:54:48 AM
Estimated Labor Time: 0'
2026-01-12 10:37:28,102 [INFO] [DEBUG] Text length: 113
2026-01-12 10:37:28,119 [INFO] [DEBUG] Text repr: 'Open\nUnknown\nComplaints: Glass Damage - Windshield Crack\nCreated At: 1/1/2026, 6:54:48 AM\nEstimated Labor Time: 0'
2026-01-12 10:37:28,135 [INFO] [DEBUG] Lowercased: 'open
unknown
complaints: glass damage - windshield crack
created at: 1/1/2026, 6:54:48 am
estimated labor time: 0'
2026-01-12 10:37:28,155 [INFO] [DEBUG] Contains 'glass': True
2026-01-12 10:37:28,172 [INFO] [GLASS] Glass damage work item already exists for 57430870
2026-01-12 10:37:30,173 [INFO] 
********************************
MVA 59099725
********************************
2026-01-12 10:37:30,174 [INFO] [MVA] Reviewing 59099725
2026-01-12 10:37:31,166 [INFO] [MVA_INPUT] Field cleared before entering new MVA.
2026-01-12 10:37:48,562 [INFO] [MVA_INPUT] Entered MVA: 59099725
2026-01-12 10:37:48,563 [INFO] [MVA_VALIDATION] Waiting for vehicle properties to load for 59099725...
2026-01-12 10:37:48,577 [INFO] [MVA_VALIDATION] Vehicle properties loaded successfully for 59099725
2026-01-12 10:37:50,579 [INFO] [WORKITEM] 59099725 - pausing to let Work Items render...
2026-01-12 10:37:59,603 [INFO] [WORKITEMS] 59099725 - collected 1 open work item(s)
2026-01-12 10:37:59,635 [INFO] [DEBUG] Work item text: 'Open
Unknown
Complaints: Glass Damage - Windshield Chip
Created At: 12/31/2025, 3:19:10 PM
Estimated Labor Time: 0'
2026-01-12 10:37:59,654 [INFO] [DEBUG] Text length: 114
2026-01-12 10:37:59,669 [INFO] [DEBUG] Text repr: 'Open\nUnknown\nComplaints: Glass Damage - Windshield Chip\nCreated At: 12/31/2025, 3:19:10 PM\nEstimated Labor Time: 0'
2026-01-12 10:37:59,685 [INFO] [DEBUG] Lowercased: 'open
unknown
complaints: glass damage - windshield chip
created at: 12/31/2025, 3:19:10 pm
estimated labor time: 0'
2026-01-12 10:37:59,701 [INFO] [DEBUG] Contains 'glass': True
2026-01-12 10:37:59,718 [INFO] [GLASS] Glass damage work item already exists for 59099725
2026-01-12 10:38:01,720 [INFO] 
********************************
MVA 56676502
********************************
2026-01-12 10:38:01,720 [INFO] [MVA] Reviewing 56676502
2026-01-12 10:38:02,690 [INFO] [MVA_INPUT] Field cleared before entering new MVA.
2026-01-12 10:38:11,242 [INFO] [MVA_INPUT] Entered MVA: 56676502
2026-01-12 10:38:11,242 [INFO] [MVA_VALIDATION] Waiting for vehicle properties to load for 56676502...
2026-01-12 10:38:11,257 [INFO] [MVA_VALIDATION] Vehicle properties loaded successfully for 56676502
2026-01-12 10:38:13,258 [INFO] [WORKITEM] 56676502 - pausing to let Work Items render...
2026-01-12 10:38:22,282 [INFO] [WORKITEMS] 56676502 - collected 1 open work item(s)
2026-01-12 10:38:22,315 [INFO] [DEBUG] Work item text: 'Open
Unknown
Complaints: Glass Damage - Windshield Crack
Created At: 1/12/2026, 7:44:42 AM
Estimated Labor Time: 0'
2026-01-12 10:38:22,333 [INFO] [DEBUG] Text length: 114
2026-01-12 10:38:22,351 [INFO] [DEBUG] Text repr: 'Open\nUnknown\nComplaints: Glass Damage - Windshield Crack\nCreated At: 1/12/2026, 7:44:42 AM\nEstimated Labor Time: 0'
2026-01-12 10:38:22,369 [INFO] [DEBUG] Lowercased: 'open
unknown
complaints: glass damage - windshield crack
created at: 1/12/2026, 7:44:42 am
estimated labor time: 0'
2026-01-12 10:38:22,386 [INFO] [DEBUG] Contains 'glass': True
2026-01-12 10:38:22,401 [INFO] [GLASS] Glass damage work item already exists for 56676502
2026-01-12 10:38:24,404 [INFO] 
********************************
MVA 55867346
********************************
2026-01-12 10:38:24,405 [INFO] [MVA] Reviewing 55867346
2026-01-12 10:38:25,375 [INFO] [MVA_INPUT] Field cleared before entering new MVA.
2026-01-12 10:38:33,666 [INFO] [MVA_INPUT] Entered MVA: 55867346
2026-01-12 10:38:33,667 [INFO] [MVA_VALIDATION] Waiting for vehicle properties to load for 55867346...
2026-01-12 10:38:33,680 [INFO] [MVA_VALIDATION] Vehicle properties loaded successfully for 55867346
2026-01-12 10:38:35,681 [INFO] [WORKITEM] 55867346 - pausing to let Work Items render...
2026-01-12 10:38:44,702 [INFO] [WORKITEMS] 55867346 - collected 1 open work item(s)
2026-01-12 10:38:44,740 [INFO] [DEBUG] Work item text: 'Open
Unknown
Complaints: Glass Damage - Windshield Crack
Created At: 1/8/2026, 6:32:20 AM
Estimated Labor Time: 0'
2026-01-12 10:38:44,756 [INFO] [DEBUG] Text length: 113
2026-01-12 10:38:44,772 [INFO] [DEBUG] Text repr: 'Open\nUnknown\nComplaints: Glass Damage - Windshield Crack\nCreated At: 1/8/2026, 6:32:20 AM\nEstimated Labor Time: 0'
2026-01-12 10:38:44,789 [INFO] [DEBUG] Lowercased: 'open
unknown
complaints: glass damage - windshield crack
created at: 1/8/2026, 6:32:20 am
estimated labor time: 0'
2026-01-12 10:38:44,805 [INFO] [DEBUG] Contains 'glass': True
2026-01-12 10:38:44,822 [INFO] [GLASS] Glass damage work item already exists for 55867346
2026-01-12 10:38:46,823 [INFO] 
********************************
MVA 59035244
********************************
2026-01-12 10:38:46,824 [INFO] [MVA] Reviewing 59035244
2026-01-12 10:38:47,786 [INFO] [MVA_INPUT] Field cleared before entering new MVA.
2026-01-12 10:39:04,002 [INFO] [MVA_INPUT] Entered MVA: 59035244
2026-01-12 10:39:04,003 [INFO] [MVA_VALIDATION] Waiting for vehicle properties to load for 59035244...
2026-01-12 10:39:04,016 [INFO] [MVA_VALIDATION] Vehicle properties loaded successfully for 59035244
2026-01-12 10:39:06,018 [INFO] [WORKITEM] 59035244 - pausing to let Work Items render...
2026-01-12 10:39:15,041 [INFO] [WORKITEMS] 59035244 - collected 1 open work item(s)
2026-01-12 10:39:15,074 [INFO] [DEBUG] Work item text: 'Open
Unknown
Complaints: Glass Damage - Windshield Crack
Created At: 1/12/2026, 7:47:37 AM
Estimated Labor Time: 0'
2026-01-12 10:39:15,092 [INFO] [DEBUG] Text length: 114
2026-01-12 10:39:15,107 [INFO] [DEBUG] Text repr: 'Open\nUnknown\nComplaints: Glass Damage - Windshield Crack\nCreated At: 1/12/2026, 7:47:37 AM\nEstimated Labor Time: 0'
2026-01-12 10:39:15,125 [INFO] [DEBUG] Lowercased: 'open
unknown
complaints: glass damage - windshield crack
created at: 1/12/2026, 7:47:37 am
estimated labor time: 0'
2026-01-12 10:39:15,141 [INFO] [DEBUG] Contains 'glass': True
2026-01-12 10:39:15,155 [INFO] [GLASS] Glass damage work item already exists for 59035244
2026-01-12 10:39:17,156 [INFO] 
********************************
MVA 54252251
********************************
2026-01-12 10:39:17,157 [INFO] [MVA] Reviewing 54252251
2026-01-12 10:39:18,124 [INFO] [MVA_INPUT] Field cleared before entering new MVA.
2026-01-12 10:40:20,907 [INFO] [MVA_INPUT] Entered MVA: 54252251
2026-01-12 10:40:22,675 [INFO] [MVA_VALIDATION] Waiting for vehicle properties to load for 54252251...
2026-01-12 10:40:59,515 [WARNING] [MVA_VALIDATION] Vehicle properties not found for 54252251 - MVA may be invalid or non-existent
2026-01-12 10:50:31,315 [INFO] [DRIVER] Detected Browser=143.0.3650.139, Driver=143.0.3650.80
2026-01-12 10:50:31,317 [INFO] [DRIVER] Launching Edge - Browser 143.0.3650.139, Driver 143.0.3650.80
2026-01-12 10:50:35,460 [INFO] [LOGIN_FLOW] Starting login handler.
2026-01-12 10:50:35,464 [INFO] [NAV] Navigating to Login page - https://avisbudget.palantirfoundry.com/multipass/login
2026-01-12 10:50:37,764 [WARNING] [NAV] Expected https://avisbudget.palantirfoundry.com/multipass/login, got https://avisbudget.palantirfoundry.com/multipass/automatic-login?realm=e6e04a33-f159-4321-ba01-d0c5cb20214b&collector_type=saml
2026-01-12 10:50:37,813 [INFO] [LOGIN] Automatic login page detected. Assuming login will succeed.
2026-01-12 10:50:47,903 [INFO] [LOGIN_FLOW] Microsoft SSO page not detected. Proceeding with standard login flow.
2026-01-12 10:50:47,951 [INFO] [LOGIN] Clicking Compass Mobile button
2026-01-12 10:50:48,207 [INFO] [LOGIN] Switched to Compass Mobile tab
2026-01-12 10:50:51,688 [INFO] [LOGIN] WWID input field detected
2026-01-12 10:50:51,721 [INFO] [LOGIN] Proceeding to WWID entry
2026-01-12 10:50:52,174 [INFO] [LOGIN] WWID submitted via button
2026-01-12 10:50:52,176 [INFO] 
********************************
MVA 53674854
********************************
2026-01-12 10:50:52,178 [INFO] [MVA] Reviewing 53674854
2026-01-12 10:50:53,365 [INFO] [MVA_INPUT] Field cleared before entering new MVA.
2026-01-12 10:57:58,106 [INFO] [DRIVER] Detected Browser=143.0.3650.139, Driver=143.0.3650.80
2026-01-12 10:57:58,107 [INFO] [DRIVER] Launching Edge - Browser 143.0.3650.139, Driver 143.0.3650.80
2026-01-12 10:58:00,792 [INFO] [LOGIN_FLOW] Starting login handler.
2026-01-12 10:58:00,799 [INFO] [NAV] Navigating to Login page - https://avisbudget.palantirfoundry.com/multipass/login
2026-01-12 10:58:03,060 [WARNING] [NAV] Expected https://avisbudget.palantirfoundry.com/multipass/login, got https://avisbudget.palantirfoundry.com/multipass/automatic-login?realm=e6e04a33-f159-4321-ba01-d0c5cb20214b&collector_type=saml
2026-01-12 10:58:03,074 [INFO] [LOGIN] Automatic login page detected. Assuming login will succeed.
2026-01-12 10:58:13,447 [INFO] [LOGIN_FLOW] Microsoft SSO page not detected. Proceeding with standard login flow.
2026-01-12 10:58:13,499 [INFO] [LOGIN] Clicking Compass Mobile button
2026-01-12 10:58:13,746 [INFO] [LOGIN] Switched to Compass Mobile tab
2026-01-12 10:58:17,143 [INFO] [LOGIN] WWID input field detected
2026-01-12 10:58:17,144 [INFO] [LOGIN] Proceeding to WWID entry
2026-01-12 10:58:17,523 [INFO] [LOGIN] WWID submitted via button
2026-01-12 10:58:17,714 [INFO] [MVA_INPUT][WORKAROUND] Queried dummy MVA: 50227203
2026-01-12 10:58:51,785 [INFO] [MVA_INPUT] Field cleared before entering new MVA.
2026-01-12 10:58:51,863 [INFO] [MVA_INPUT] Entered MVA: 53674854
2026-01-12 10:58:55,536 [INFO] [MVA][WAIT] UI echoed MVA 53674854
2026-01-12 10:58:56,495 [INFO] [MVA_INPUT] Field cleared before entering new MVA.
2026-01-12 10:58:56,593 [INFO] [MVA_INPUT] Entered MVA: 58323355
2026-01-12 10:59:00,288 [INFO] [MVA][WAIT] UI echoed MVA 58323355
2026-01-12 10:59:01,313 [INFO] [MVA_INPUT] Field cleared before entering new MVA.
2026-01-12 10:59:01,420 [INFO] [MVA_INPUT] Entered MVA: 56932702
2026-01-12 10:59:05,097 [INFO] [MVA][WAIT] UI echoed MVA 56932702
2026-01-12 10:59:06,078 [INFO] [MVA_INPUT] Field cleared before entering new MVA.
2026-01-12 10:59:06,169 [INFO] [MVA_INPUT] Entered MVA: 59286522
2026-01-12 10:59:09,906 [INFO] [MVA][WAIT] UI echoed MVA 59286522
2026-01-12 10:59:10,888 [INFO] [MVA_INPUT] Field cleared before entering new MVA.
2026-01-12 10:59:10,977 [INFO] [MVA_INPUT] Entered MVA: 57908001
2026-01-12 10:59:14,717 [INFO] [MVA][WAIT] UI echoed MVA 57908001
2026-01-12 10:59:15,709 [INFO] [MVA_INPUT] Field cleared before entering new MVA.
2026-01-12 10:59:15,814 [INFO] [MVA_INPUT] Entered MVA: 59558601
2026-01-12 10:59:19,572 [INFO] [MVA][WAIT] UI echoed MVA 59558601
2026-01-12 10:59:20,563 [INFO] [MVA_INPUT] Field cleared before entering new MVA.
2026-01-12 10:59:20,647 [INFO] [MVA_INPUT] Entered MVA: 56740493
2026-01-12 10:59:24,340 [INFO] [MVA][WAIT] UI echoed MVA 56740493
2026-01-12 10:59:25,319 [INFO] [MVA_INPUT] Field cleared before entering new MVA.
2026-01-12 10:59:25,415 [INFO] [MVA_INPUT] Entered MVA: 55513264
2026-01-12 10:59:29,137 [INFO] [MVA][WAIT] UI echoed MVA 55513264
2026-01-12 10:59:30,118 [INFO] [MVA_INPUT] Field cleared before entering new MVA.
2026-01-12 10:59:30,221 [INFO] [MVA_INPUT] Entered MVA: 56721092
2026-01-12 10:59:33,943 [INFO] [MVA][WAIT] UI echoed MVA 56721092
2026-01-12 10:59:34,953 [INFO] [MVA_INPUT] Field cleared before entering new MVA.
2026-01-12 10:59:35,036 [INFO] [MVA_INPUT] Entered MVA: 57430870
2026-01-12 10:59:39,284 [INFO] [MVA][WAIT] UI echoed MVA 57430870
2026-01-12 10:59:40,356 [INFO] [MVA_INPUT] Field cleared before entering new MVA.
2026-01-12 10:59:40,511 [INFO] [MVA_INPUT] Entered MVA: 59099725
2026-01-12 10:59:44,217 [INFO] [MVA][WAIT] UI echoed MVA 59099725
2026-01-12 10:59:45,195 [INFO] [MVA_INPUT] Field cleared before entering new MVA.
2026-01-12 10:59:45,288 [INFO] [MVA_INPUT] Entered MVA: 56676502
2026-01-12 11:00:22,316 [ERROR] [MVA][ERROR] echoed value not found (looked for last8='{last8}')
2026-01-12 11:00:26,941 [ERROR] [MVA][ERROR] echoed value not found (looked for last8='{last8}')
2026-01-12 11:00:31,556 [ERROR] [MVA][ERROR] echoed value not found (looked for last8='{last8}')
2026-01-12 11:00:31,557 [WARNING] [MVA][WAIT] UI did not echo MVA 56676502 in time; results may be stale.
2026-01-12 11:00:32,525 [INFO] [MVA_INPUT] Field cleared before entering new MVA.
2026-01-12 11:00:32,601 [INFO] [MVA_INPUT] Entered MVA: 55867346
2026-01-12 11:00:36,777 [INFO] [MVA][WAIT] UI echoed MVA 55867346
2026-01-12 11:00:37,754 [INFO] [MVA_INPUT] Field cleared before entering new MVA.
2026-01-12 11:00:37,877 [INFO] [MVA_INPUT] Entered MVA: 59035244
2026-01-12 11:00:41,548 [INFO] [MVA][WAIT] UI echoed MVA 59035244
2026-01-12 11:00:42,526 [INFO] [MVA_INPUT] Field cleared before entering new MVA.
2026-01-12 11:00:42,614 [INFO] [MVA_INPUT] Entered MVA: 54252251
2026-01-12 11:00:46,364 [INFO] [MVA][WAIT] UI echoed MVA 54252251
2026-01-12 11:00:46,365 [INFO] [RESULTS] Writing results to: C:\Temp\Code\Scripts\py\cgi\GetGlassInfo\GlassResults.txt
2026-01-12 11:00:46,368 [INFO] [RESULTS] Results file written: C:\Temp\Code\Scripts\py\cgi\GetGlassInfo\GlassResults.txt
2026-01-12 11:04:15,750 [INFO] [DRIVER] Detected Browser=143.0.3650.139, Driver=143.0.3650.80
2026-01-12 11:04:15,752 [INFO] [DRIVER] Launching Edge - Browser 143.0.3650.139, Driver 143.0.3650.80
2026-01-12 11:04:19,230 [INFO] [LOGIN_FLOW] Starting login handler.
2026-01-12 11:04:19,249 [INFO] [NAV] Navigating to Login page - https://avisbudget.palantirfoundry.com/multipass/login
2026-01-12 11:04:20,684 [WARNING] [NAV] Expected https://avisbudget.palantirfoundry.com/multipass/login, got https://avisbudget.palantirfoundry.com/multipass/automatic-login?realm=e6e04a33-f159-4321-ba01-d0c5cb20214b&collector_type=saml
2026-01-12 11:04:20,696 [INFO] [LOGIN] Automatic login page detected. Assuming login will succeed.
2026-01-12 11:04:30,862 [INFO] [LOGIN_FLOW] Microsoft SSO page not detected. Proceeding with standard login flow.
2026-01-12 11:04:30,916 [INFO] [LOGIN] Clicking Compass Mobile button
2026-01-12 11:04:31,167 [INFO] [LOGIN] Switched to Compass Mobile tab
2026-01-12 11:04:34,042 [INFO] [LOGIN] WWID input field detected
2026-01-12 11:04:34,047 [INFO] [LOGIN] Proceeding to WWID entry
2026-01-12 11:04:34,401 [INFO] [LOGIN] WWID submitted via button
2026-01-12 11:04:34,581 [INFO] [MVA_INPUT][WORKAROUND] Queried dummy MVA: 50227203
2026-01-12 11:05:08,612 [INFO] [MVA_INPUT] Field cleared before entering new MVA.
2026-01-12 11:05:08,690 [INFO] [MVA_INPUT] Entered MVA: 53674854
2026-01-12 11:05:14,413 [INFO] [MVA][WAIT] UI echoed MVA 53674854
2026-01-12 11:05:15,325 [INFO] [MVA_INPUT] Field cleared before entering new MVA.
2026-01-12 11:05:15,421 [INFO] [MVA_INPUT] Entered MVA: 58323355
2026-01-12 11:05:20,172 [INFO] [MVA][WAIT] UI echoed MVA 58323355
2026-01-12 11:05:21,198 [INFO] [MVA_INPUT] Field cleared before entering new MVA.
2026-01-12 11:05:21,281 [INFO] [MVA_INPUT] Entered MVA: 56932702
2026-01-12 11:05:24,973 [INFO] [MVA][WAIT] UI echoed MVA 56932702
2026-01-12 11:05:25,986 [INFO] [MVA_INPUT] Field cleared before entering new MVA.
2026-01-12 11:05:26,081 [INFO] [MVA_INPUT] Entered MVA: 59286522
2026-01-12 11:06:03,099 [ERROR] [MVA][ERROR] echoed value not found (looked for last8='{last8}')
2026-01-12 11:06:07,728 [ERROR] [MVA][ERROR] echoed value not found (looked for last8='{last8}')
2026-01-12 11:06:12,354 [ERROR] [MVA][ERROR] echoed value not found (looked for last8='{last8}')
2026-01-12 11:06:12,354 [WARNING] [MVA][WAIT] UI did not echo MVA 59286522 in time; results may be stale.
2026-01-12 11:06:30,674 [INFO] [DRIVER] Detected Browser=143.0.3650.139, Driver=143.0.3650.80
2026-01-12 11:06:30,675 [INFO] [DRIVER] Launching Edge - Browser 143.0.3650.139, Driver 143.0.3650.80
2026-01-12 11:06:33,461 [INFO] [LOGIN_FLOW] Starting login handler.
2026-01-12 11:06:33,463 [INFO] [NAV] Navigating to Login page - https://avisbudget.palantirfoundry.com/multipass/login
2026-01-12 11:06:35,486 [WARNING] [NAV] Expected https://avisbudget.palantirfoundry.com/multipass/login, got https://avisbudget.palantirfoundry.com/multipass/automatic-login?realm=e6e04a33-f159-4321-ba01-d0c5cb20214b&collector_type=saml
2026-01-12 11:06:35,497 [INFO] [LOGIN] Automatic login page detected. Assuming login will succeed.
2026-01-12 11:06:45,985 [INFO] [LOGIN_FLOW] Microsoft SSO page not detected. Proceeding with standard login flow.
2026-01-12 11:06:46,055 [INFO] [LOGIN] Clicking Compass Mobile button
2026-01-12 11:06:46,380 [INFO] [LOGIN] Switched to Compass Mobile tab
2026-01-12 11:06:49,722 [INFO] [LOGIN] WWID input field detected
2026-01-12 11:06:49,723 [INFO] [LOGIN] Proceeding to WWID entry
2026-01-12 11:06:50,198 [INFO] [LOGIN] WWID submitted via button
2026-01-12 11:06:50,199 [INFO] [CSV] Loading MVA: 53674854 (DamageType: REPLACEMENT, Location: WINDSHIELD)
2026-01-12 11:06:50,200 [INFO] [CSV] Loading MVA: 55859495 (DamageType: REPLACEMENT, Location: REAR)
2026-01-12 11:06:50,201 [INFO] 
********************************
MVA 53674854
********************************
2026-01-12 11:06:50,202 [INFO] [MVA] Reviewing 53674854
2026-01-12 11:06:51,410 [INFO] [MVA_INPUT] Field cleared before entering new MVA.
2026-01-12 11:07:43,656 [INFO] [MVA_INPUT] Entered MVA: 53674854
2026-01-12 11:09:12,024 [INFO] [MVA_VALIDATION] Waiting for vehicle properties to load for 53674854...
2026-01-12 11:09:31,816 [INFO] [MVA_VALIDATION] Vehicle properties loaded successfully for 53674854
2026-01-12 11:09:57,979 [INFO] [WORKITEM] 53674854 - pausing to let Work Items render...
2026-01-12 11:10:07,052 [INFO] [WORKITEMS] 53674854 - collected 1 open work item(s)
2026-01-12 11:10:28,572 [INFO] [DEBUG] Work item text: 'Open
Unknown
Complaints: Glass Damage - Windshield Crack
Created At: 1/9/2026, 7:26:43 AM
Estimated Labor Time: 0'
2026-01-12 11:10:30,723 [INFO] [DEBUG] Text length: 113
2026-01-12 11:10:34,367 [INFO] [DEBUG] Text repr: 'Open\nUnknown\nComplaints: Glass Damage - Windshield Crack\nCreated At: 1/9/2026, 7:26:43 AM\nEstimated Labor Time: 0'
2026-01-12 11:10:35,666 [INFO] [DEBUG] Lowercased: 'open
unknown
complaints: glass damage - windshield crack
created at: 1/9/2026, 7:26:43 am
estimated labor time: 0'
2026-01-12 11:10:48,561 [INFO] [DEBUG] Contains 'glass': True
2026-01-12 11:11:50,495 [INFO] [GLASS] Glass damage work item already exists for 53674854
2026-01-12 11:12:52,281 [INFO] 
********************************
MVA 55859495
********************************
2026-01-12 11:12:53,794 [INFO] [MVA] Reviewing 55859495
2026-01-12 11:14:19,130 [INFO] [MVA_INPUT] Field cleared before entering new MVA.
2026-01-12 11:14:38,282 [INFO] [MVA_INPUT] Entered MVA: 55859495
2026-01-12 11:14:46,490 [INFO] [MVA_VALIDATION] Waiting for vehicle properties to load for 55859495...
2026-01-12 11:15:14,971 [INFO] [MVA_VALIDATION] Vehicle properties loaded successfully for 55859495
2026-01-12 11:15:35,939 [INFO] [WORKITEM] 55859495 - pausing to let Work Items render...
2026-01-12 11:15:44,963 [INFO] [WORKITEMS] 55859495 - collected 0 open work item(s)
2026-01-12 11:16:16,675 [INFO] [GLASS] No active glass damage work item found for 55859495, creating new work item...
2026-01-12 11:16:29,212 [INFO] [WORKITEM] 55859495 - starting CREATE NEW WORK ITEM workflow
2026-01-12 11:16:51,299 [INFO] Clicked Add Work Item button
2026-01-12 11:16:58,700 [INFO] [WORKITEM] 55859495 - Add Work Item clicked
2026-01-12 11:18:15,025 [INFO] [GLASS][COMPLAINT][NEW] 55859495 - Add New Complaint clicked (no glass complaint found)
2026-01-12 11:18:33,213 [INFO] [GLASS][INFO] 55859495 - no existing glass complaint found, creating new complaint...
2026-01-12 11:19:19,445 [INFO] [GLASS][COMPLAINT][NEW] 55859495 - creating new glass complaint
2026-01-12 11:19:29,740 [WARNING] Timeout waiting to click element
2026-01-12 11:19:40,031 [WARNING] Timeout waiting to click element
2026-01-12 11:19:40,031 [WARNING] [GLASS][COMPLAINT][NEW][WARN] 55859495 - could not click Add/Create New Complaint
2026-01-12 11:23:57,870 [INFO] [DRIVER] Detected Browser=143.0.3650.139, Driver=143.0.3650.80
2026-01-12 11:23:57,872 [INFO] [DRIVER] Launching Edge - Browser 143.0.3650.139, Driver 143.0.3650.80
2026-01-12 11:24:01,784 [INFO] [LOGIN_FLOW] Starting login handler.
2026-01-12 11:24:01,819 [INFO] [NAV] Navigating to Login page - https://avisbudget.palantirfoundry.com/multipass/login
2026-01-12 11:24:03,212 [WARNING] [NAV] Expected https://avisbudget.palantirfoundry.com/multipass/login, got https://avisbudget.palantirfoundry.com/multipass/automatic-login?realm=e6e04a33-f159-4321-ba01-d0c5cb20214b&collector_type=saml
2026-01-12 11:24:03,238 [INFO] [LOGIN] Automatic login page detected. Assuming login will succeed.
2026-01-12 11:24:13,765 [INFO] [LOGIN_FLOW] Microsoft SSO page not detected. Proceeding with standard login flow.
2026-01-12 11:24:13,821 [INFO] [LOGIN] Clicking Compass Mobile button
2026-01-12 11:24:14,063 [INFO] [LOGIN] Switched to Compass Mobile tab
2026-01-12 11:24:17,155 [INFO] [LOGIN] WWID input field detected
2026-01-12 11:24:17,161 [INFO] [LOGIN] Proceeding to WWID entry
2026-01-12 11:24:17,523 [INFO] [LOGIN] WWID submitted via button
2026-01-12 11:24:17,531 [INFO] [CSV] Loading MVA: 53674854 (DamageType: REPLACEMENT, Location: WINDSHIELD)
2026-01-12 11:24:17,536 [INFO] [CSV] Loading MVA: 55859495 (DamageType: REPLACEMENT, Location: REAR)
2026-01-12 11:24:17,539 [INFO] 
********************************
MVA 53674854
********************************
2026-01-12 11:24:17,551 [INFO] [MVA] Reviewing 53674854
2026-01-12 11:24:18,733 [INFO] [MVA_INPUT] Field cleared before entering new MVA.
2026-01-12 11:24:30,938 [INFO] [MVA_INPUT] Entered MVA: 53674854
2026-01-12 11:24:30,939 [INFO] [MVA_VALIDATION] Waiting for vehicle properties to load for 53674854...
2026-01-12 11:24:46,323 [WARNING] [MVA_VALIDATION] Vehicle properties not found for 53674854 - MVA may be invalid or non-existent
2026-01-12 11:24:48,323 [INFO] 
********************************
MVA 55859495
********************************
2026-01-12 11:24:48,324 [INFO] [MVA] Reviewing 55859495
2026-01-12 11:24:49,286 [INFO] [MVA_INPUT] Field cleared before entering new MVA.
2026-01-12 11:25:08,010 [INFO] [MVA_INPUT] Entered MVA: 55859495
2026-01-12 11:25:09,034 [INFO] [MVA_VALIDATION] Waiting for vehicle properties to load for 55859495...
2026-01-12 11:25:14,618 [INFO] [MVA_VALIDATION] Vehicle properties loaded successfully for 55859495
2026-01-12 11:25:18,826 [INFO] [WORKITEM] 55859495 - pausing to let Work Items render...
2026-01-12 11:25:27,873 [INFO] [WORKITEMS] 55859495 - collected 0 open work item(s)
2026-01-12 11:26:35,483 [INFO] [GLASS] No active glass damage work item found for 55859495, creating new work item...
2026-01-12 11:26:43,147 [INFO] [WORKITEM] 55859495 - starting CREATE NEW WORK ITEM workflow
2026-01-12 11:26:51,635 [INFO] Clicked Add Work Item button
2026-01-12 11:26:53,235 [INFO] [WORKITEM] 55859495 - Add Work Item clicked
2026-01-12 11:27:50,370 [INFO] [GLASS][COMPLAINT][NEW] 55859495 - Add New Complaint clicked (no glass complaint found)
2026-01-12 11:39:19,163 [INFO] [GLASS][INFO] 55859495 - no existing glass complaint found, creating new complaint...
2026-01-12 11:39:36,755 [INFO] [GLASS][COMPLAINT][NEW] 55859495 - creating new glass complaint
2026-01-12 11:39:47,054 [WARNING] Timeout waiting to click element
2026-01-12 11:39:57,359 [WARNING] Timeout waiting to click element
2026-01-12 11:39:57,360 [WARNING] [GLASS][COMPLAINT][NEW][WARN] 55859495 - could not click Add/Create New Complaint
2026-01-12 14:41:28,800 [INFO] [DRIVER] Detected Browser=143.0.3650.139, Driver=143.0.3650.80
2026-01-12 14:41:28,806 [INFO] [DRIVER] Launching Edge - Browser 143.0.3650.139, Driver 143.0.3650.80
2026-01-12 14:41:33,201 [INFO] [LOGIN_FLOW] Starting login handler.
2026-01-12 14:41:33,204 [INFO] [NAV] Navigating to Login page - https://avisbudget.palantirfoundry.com/multipass/login
2026-01-12 14:41:34,276 [WARNING] [NAV] Expected https://avisbudget.palantirfoundry.com/multipass/login, got https://avisbudget.palantirfoundry.com/multipass/automatic-login?realm=e6e04a33-f159-4321-ba01-d0c5cb20214b&collector_type=saml
2026-01-12 14:41:34,287 [INFO] [LOGIN] Automatic login page detected. Assuming login will succeed.
2026-01-12 14:41:44,640 [INFO] [LOGIN_FLOW] Microsoft SSO page not detected. Proceeding with standard login flow.
2026-01-12 14:41:44,689 [INFO] [LOGIN] Clicking Compass Mobile button
2026-01-12 14:41:44,914 [INFO] [LOGIN] Switched to Compass Mobile tab
2026-01-12 14:41:48,704 [INFO] [LOGIN] WWID input field detected
2026-01-12 14:41:48,704 [INFO] [LOGIN] Proceeding to WWID entry
2026-01-12 14:41:48,970 [INFO] [LOGIN] WWID submitted via button
2026-01-12 14:41:48,985 [INFO] [CSV] Loading work item: 53674854 (DamageType: REPLACEMENT, Location: WINDSHIELD)
2026-01-12 14:41:48,985 [INFO] [CSV] Loading work item: 55859495 (DamageType: REPLACEMENT, Location: REAR)
2026-01-12 14:41:48,986 [INFO] 
********************************
MVA 53674854
********************************
2026-01-12 14:41:48,987 [INFO] [MVA] Reviewing 53674854 (Type: REPLACEMENT, Location: WINDSHIELD)
2026-01-12 14:41:50,093 [INFO] [MVA_INPUT] Field cleared before entering new MVA.
2026-01-12 14:41:50,150 [INFO] [MVA_INPUT] Entered MVA: 53674854
2026-01-12 14:41:50,151 [INFO] [MVA_VALIDATION] Waiting for vehicle properties to load for 53674854...
2026-01-12 14:42:05,629 [WARNING] [MVA_VALIDATION] Vehicle properties not found for 53674854 - MVA may be invalid or non-existent
2026-01-12 14:42:07,630 [INFO] 
********************************
MVA 55859495
********************************
2026-01-12 14:42:07,631 [INFO] [MVA] Reviewing 55859495 (Type: REPLACEMENT, Location: REAR)
2026-01-12 14:42:08,575 [INFO] [MVA_INPUT] Field cleared before entering new MVA.
2026-01-12 14:42:08,645 [INFO] [MVA_INPUT] Entered MVA: 55859495
2026-01-12 14:42:08,661 [INFO] [MVA_VALIDATION] Waiting for vehicle properties to load for 55859495...
2026-01-12 14:42:14,824 [INFO] [MVA_VALIDATION] Vehicle properties loaded successfully for 55859495
2026-01-12 14:42:16,825 [INFO] [WORKITEM] 55859495 - pausing to let Work Items render...
2026-01-12 14:42:25,856 [INFO] [WORKITEMS] 55859495 - collected 1 open work item(s)
2026-01-12 14:42:25,891 [INFO] [DEBUG] Work item text: 'Open
NO WORK NEEDED OR PERFORMED
Complaints: Glass Damage - Windshield Chip
Created At: 1/12/2026, 12:07:44 PM
Estimated Labor Time: 0.1'
2026-01-12 14:42:25,905 [INFO] [DEBUG] Text length: 136
2026-01-12 14:42:25,919 [INFO] [DEBUG] Text repr: 'Open\nNO WORK NEEDED OR PERFORMED\nComplaints: Glass Damage - Windshield Chip\nCreated At: 1/12/2026, 12:07:44 PM\nEstimated Labor Time: 0.1'
2026-01-12 14:42:25,933 [INFO] [DEBUG] Lowercased: 'open
no work needed or performed
complaints: glass damage - windshield chip
created at: 1/12/2026, 12:07:44 pm
estimated labor time: 0.1'
2026-01-12 14:42:25,947 [INFO] [DEBUG] Contains 'glass': True
2026-01-12 14:42:25,960 [INFO] [GLASS] Glass damage work item already exists for 55859495
2026-01-12 15:53:27,616 [INFO] [DRIVER] Detected Browser=143.0.3650.139, Driver=143.0.3650.80
2026-01-12 15:53:27,618 [INFO] [DRIVER] Launching Edge - Browser 143.0.3650.139, Driver 143.0.3650.80
2026-01-12 15:53:31,362 [INFO] [LOGIN_FLOW] Starting login handler.
2026-01-12 15:53:31,387 [INFO] [NAV] Navigating to Login page - https://avisbudget.palantirfoundry.com/multipass/login
2026-01-12 15:53:32,502 [WARNING] [NAV] Expected https://avisbudget.palantirfoundry.com/multipass/login, got https://avisbudget.palantirfoundry.com/multipass/automatic-login?realm=e6e04a33-f159-4321-ba01-d0c5cb20214b&collector_type=saml
2026-01-12 15:53:32,512 [INFO] [LOGIN] Automatic login page detected. Assuming login will succeed.
2026-01-12 15:53:42,879 [INFO] [LOGIN_FLOW] Microsoft SSO page not detected. Proceeding with standard login flow.
2026-01-12 15:53:42,933 [INFO] [LOGIN] Clicking Compass Mobile button
2026-01-12 15:53:43,177 [INFO] [LOGIN] Switched to Compass Mobile tab
2026-01-12 15:53:45,999 [INFO] [LOGIN] WWID input field detected
2026-01-12 15:53:46,002 [INFO] [LOGIN] Proceeding to WWID entry
2026-01-12 15:53:46,327 [INFO] [LOGIN] WWID submitted via button
2026-01-12 15:53:46,342 [INFO] [CSV] Loading work item: 53674854 (DamageType: REPLACEMENT, Location: WINDSHIELD)
2026-01-12 15:53:46,342 [INFO] [CSV] Loading work item: 55859495 (DamageType: REPLACEMENT, Location: REAR)
2026-01-12 15:54:29,060 [INFO] 
********************************
MVA 53674854
********************************
2026-01-12 15:54:33,560 [INFO] [MVA] Reviewing 53674854 (Type: REPLACEMENT, Location: WINDSHIELD)
2026-01-12 15:56:17,201 [INFO] [MVA_INPUT] Field cleared before entering new MVA.
2026-01-12 15:56:24,377 [INFO] [MVA_INPUT] Entered MVA: 53674854
2026-01-12 15:56:25,834 [INFO] [MVA_VALIDATION] Waiting for vehicle properties to load for 53674854...
2026-01-12 15:57:14,273 [INFO] [MVA_VALIDATION] Vehicle properties loaded successfully for 53674854
2026-01-12 15:57:35,250 [INFO] [WORKITEM] 53674854 - pausing to let Work Items render...
2026-01-12 15:57:44,286 [INFO] [WORKITEMS] 53674854 - collected 1 open work item(s)
2026-01-12 15:58:26,625 [INFO] [DEBUG] Work item text: 'Open
Unknown
Complaints: Glass Damage - Windshield Crack
Created At: 1/9/2026, 7:26:43 AM
Estimated Labor Time: 0'
2026-01-12 15:58:26,916 [INFO] [DEBUG] Text length: 113
2026-01-12 15:58:27,195 [INFO] [DEBUG] Text repr: 'Open\nUnknown\nComplaints: Glass Damage - Windshield Crack\nCreated At: 1/9/2026, 7:26:43 AM\nEstimated Labor Time: 0'
2026-01-12 15:58:28,217 [INFO] [DEBUG] Lowercased: 'open
unknown
complaints: glass damage - windshield crack
created at: 1/9/2026, 7:26:43 am
estimated labor time: 0'
2026-01-12 15:58:28,764 [INFO] [DEBUG] Contains 'glass': True
2026-01-12 15:59:03,578 [INFO] [GLASS] Glass damage work item already exists for 53674854
2026-01-12 16:00:03,522 [INFO] 
********************************
MVA 55859495
********************************
2026-01-12 16:00:03,811 [INFO] [MVA] Reviewing 55859495 (Type: REPLACEMENT, Location: REAR)
2026-01-12 16:00:22,779 [INFO] [MVA_INPUT] Field cleared before entering new MVA.
2026-01-12 16:00:33,130 [INFO] [MVA_INPUT] Entered MVA: 55859495
2026-01-12 16:00:36,026 [INFO] [MVA_VALIDATION] Waiting for vehicle properties to load for 55859495...
2026-01-12 16:01:11,491 [WARNING] [MVA_VALIDATION] Vehicle properties not found for 55859495 - MVA may be invalid or non-existent
